<?xml version="1.0" encoding="utf-8"?>
<TestRun id="d9cd0791-6496-474a-be9f-fc2181f04094" name="@ubuntu-server-100 2026-08-25 08:37:05" xmlns="http://microsoft.com/schemas/VisualStudio/TeamTest/2010">
  <Times creation="2026-08-25T08:37:05.5783285+00:00" queuing="2026-08-25T08:37:05.5783286+00:00" start="2026-08-25T08:37:03.4588675+00:00" finish="2026-08-25T08:37:07.4736371+00:00" />
  <TestSettings name="default" id="b864b72e-4d56-4f18-b60b-46882a0bc6b1">
    <Deployment runDeploymentRoot="_ubuntu-server-100_2026-08-25_08_37_05" />
  </TestSettings>
  <Results>
    <UnitTestResult executionId="3f07ca78-5476-4c50-8404-77975c87ab2a" testId="a220b287-022b-f5f9-bfb0-05b758ca2e43" testName="Pim.UnitTests.Mobile.MobileTimelineBlockServiceTests.GetBlocksAsync_CursorPaginatesDescendingAndClampsPageSize" computerName="ubuntu-server-100" duration="00:00:00.1079298" startTime="2026-08-25T08:37:06.5021987+00:00" endTime="2026-08-25T08:37:06.5021989+00:00" testType="13cdc9d9-ddb5-4fa4-a97d-d965ccfc6d4b" outcome="Passed" testListId="8c84fa94-04c1-424b-9868-57a2d4851a1d" relativeResultsDirectory="3f07ca78-5476-4c50-8404-77975c87ab2a" />
    <UnitTestResult executionId="ff2270da-d7c1-4404-a95c-c99c1e5fcfc2" testId="2f2b7826-6be4-6ea6-bc8d-4f8ee6ce8cc6" testName="Pim.UnitTests.Mobile.SimpleDbscanTests.Run_DistantDenseGroupsFormSeparateClusters" computerName="ubuntu-server-100" duration="00:00:00.0291637" startTime="2026-08-25T08:37:04.7594110+00:00" endTime="2026-08-25T08:37:04.7594394+00:00" testType="13cdc9d9-ddb5-4fa4-a97d-d965ccfc6d4b" outcome="Passed" testListId="8c84fa94-04c1-424b-9868-57a2d4851a1d" relativeResultsDirectory="ff2270da-d7c1-4404-a95c-c99c1e5fcfc2" />
    <UnitTestResult executionId="f9cff59f-dbb0-4be1-a408-bf08c94aa736" testId="c9c1990b-812a-f2cd-9861-fd21dac8c64e" testName="Pim.UnitTests.Mobile.MobileUsageIngestServiceTests.IngestAsync_SkipsDuplicateEventsWhenExistingClassNameIsNull" computerName="ubuntu-server-100" duration="00:00:00.0043013" startTime="2026-08-25T08:37:06.3931847+00:00" endTime="2026-08-25T08:37:06.3931848+00:00" testType="13cdc9d9-ddb5-4fa4-a97d-d965ccfc6d4b" outcome="Passed" testListId="8c84fa94-04c1-424b-9868-57a2d4851a1d" relativeResultsDirectory="f9cff59f-dbb0-4be1-a408-bf08c94aa736" />
    <UnitTestResult executionId="54f10400-0ed5-4cef-a468-d89b9712d911" testId="492f944c-37c4-4e23-dec8-9475de7a67ec" testName="Pim.UnitTests.Mobile.MobileFrequentPlaceServiceTests.RejectedAndLowAccuracyPointsExcluded" computerName="ubuntu-server-100" duration="00:00:00.0038320" startTime="2026-08-25T08:37:06.2601586+00:00" endTime="2026-08-25T08:37:06.2601587+00:00" testType="13cdc9d9-ddb5-4fa4-a97d-d965ccfc6d4b" outcome="Passed" testListId="8c84fa94-04c1-424b-9868-57a2d4851a1d" relativeResultsDirectory="54f10400-0ed5-4cef-a468-d89b9712d911" />
    <UnitTestResult executionId="85989904-a2ef-4d32-b000-48add6dccf56" testId="51ab08d1-7c1e-735f-2cb1-e009fd314a54" testName="Pim.UnitTests.Mobile.MobileLocationAggregationServiceTests.GetTracksAsync_JumpPointIsFlaggedAndExcludedFromDistance" computerName="ubuntu-server-100" duration="00:00:00.0054392" startTime="2026-08-25T08:37:06.7473422+00:00" endTime="2026-08-25T08:37:06.7473423+00:00" testType="13cdc9d9-ddb5-4fa4-a97d-d965ccfc6d4b" outcome="Passed" testListId="8c84fa94-04c1-424b-9868-57a2d4851a1d" relativeResultsDirectory="85989904-a2ef-4d32-b000-48add6dccf56" />
    <UnitTestResult executionId="5d7d90a8-acc0-434c-ad71-9fb1cf1c2aee" testId="9961126e-177a-c4b9-2b2e-2a07a575c964" testName="Pim.UnitTests.Mobile.MobileUsageIngestServiceTests.IngestAsync_RecoversPersistedWinnerAfterConcurrentBatchInsert" computerName="ubuntu-server-100" duration="00:00:01.4918229" startTime="2026-08-25T08:37:06.2141554+00:00" endTime="2026-08-25T08:37:06.2141556+00:00" testType="13cdc9d9-ddb5-4fa4-a97d-d965ccfc6d4b" outcome="Passed" testListId="8c84fa94-04c1-424b-9868-57a2d4851a1d" relativeResultsDirectory="5d7d90a8-acc0-434c-ad71-9fb1cf1c2aee" />
    <UnitTestResult executionId="b8b5273c-ccc9-44b3-85a0-2037bf8dd0c2" testId="562da0dd-e252-41aa-f35d-d6ceb46bb6d0" testName="Pim.UnitTests.Mobile.MobileEndpointTests.MobileEndpoints_AreMappedUnderApiV1AndRequireAuthorization" computerName="ubuntu-server-100" duration="00:00:00.4852946" startTime="2026-08-25T08:37:06.8189748+00:00" endTime="2026-08-25T08:37:06.8189748+00:00" testType="13cdc9d9-ddb5-4fa4-a97d-d965ccfc6d4b" outcome="Passed" testListId="8c84fa94-04c1-424b-9868-57a2d4851a1d" relativeResultsDirectory="b8b5273c-ccc9-44b3-85a0-2037bf8dd0c2" />
    <UnitTestResult executionId="34fe93de-1749-4c67-aa9a-e26fe552643d" testId="a0a9e03b-0aee-dcfa-7a67-8f305656442c" testName="Pim.UnitTests.Mobile.MobileAppCatalogOverrideServiceTests.UpsertOverrideAsync_CreatesAndUpdatesUserGlobalOverrideByPackageName" computerName="ubuntu-server-100" duration="00:00:00.0159546" startTime="2026-08-25T08:37:06.3823428+00:00" endTime="2026-08-25T08:37:06.3823429+00:00" testType="13cdc9d9-ddb5-4fa4-a97d-d965ccfc6d4b" outcome="Passed" testListId="8c84fa94-04c1-424b-9868-57a2d4851a1d" relativeResultsDirectory="34fe93de-1749-4c67-aa9a-e26fe552643d" />
    <UnitTestResult executionId="78cc60f4-dfe4-461e-a6e9-606869bf1b33" testId="a8423a2a-77ec-ede5-d624-f555fb640a00" testName="Pim.UnitTests.Mobile.MobileLocationAggregationServiceTests.GetTracksAsync_FuzzyBandCarriesPreviousEvidence" computerName="ubuntu-server-100" duration="00:00:00.0027899" startTime="2026-08-25T08:37:06.8189432+00:00" endTime="2026-08-25T08:37:06.8189433+00:00" testType="13cdc9d9-ddb5-4fa4-a97d-d965ccfc6d4b" outcome="Passed" testListId="8c84fa94-04c1-424b-9868-57a2d4851a1d" relativeResultsDirectory="78cc60f4-dfe4-461e-a6e9-606869bf1b33" />
    <UnitTestResult executionId="dc7315cb-faae-40c7-88e4-55f4ef5a0081" testId="261803aa-3f80-be8b-485c-0009aaed2e3e" testName="Pim.UnitTests.Mobile.MobileLocationAggregationServiceTests.GetOverviewAsync_DistanceCountsMoveSegmentsOnly" computerName="ubuntu-server-100" duration="00:00:00.0041333" startTime="2026-08-25T08:37:06.8091676+00:00" endTime="2026-08-25T08:37:06.8091677+00:00" testType="13cdc9d9-ddb5-4fa4-a97d-d965ccfc6d4b" outcome="Passed" testListId="8c84fa94-04c1-424b-9868-57a2d4851a1d" relativeResultsDirectory="dc7315cb-faae-40c7-88e4-55f4ef5a0081" />
    <UnitTestResult executionId="e7b7b2fe-5f1c-42cf-90c3-14d301174627" testId="78deff25-da29-bc2b-e576-cd4831c1106f" testName="Pim.UnitTests.Mobile.MobileFrequentPlaceServiceTests.ThreeTightClustersAndNoise_ProducesThreePlaces" computerName="ubuntu-server-100" duration="00:00:00.0094290" startTime="2026-08-25T08:37:06.1299738+00:00" endTime="2026-08-25T08:37:06.1299740+00:00" testType="13cdc9d9-ddb5-4fa4-a97d-d965ccfc6d4b" outcome="Passed" testListId="8c84fa94-04c1-424b-9868-57a2d4851a1d" relativeResultsDirectory="e7b7b2fe-5f1c-42cf-90c3-14d301174627" />
    <UnitTestResult executionId="1f7f0a99-9ac0-475b-9f05-2358fd31b962" testId="986a6ea2-396e-f25c-a9a3-1149b44dbe71" testName="Pim.UnitTests.Mobile.MobileUsageQueryServiceTests.GetSummaryAsync_ReturnsLocationCountsForBatchWindow" computerName="ubuntu-server-100" duration="00:00:00.0539275" startTime="2026-08-25T08:37:07.3461595+00:00" endTime="2026-08-25T08:37:07.3461598+00:00" testType="13cdc9d9-ddb5-4fa4-a97d-d965ccfc6d4b" outcome="Passed" testListId="8c84fa94-04c1-424b-9868-57a2d4851a1d" relativeResultsDirectory="1f7f0a99-9ac0-475b-9f05-2358fd31b962" />
    <UnitTestResult executionId="acdcfd1b-1969-4071-b1da-2f4beaabd8a1" testId="6d7eae02-c988-aa04-1d45-b6196974c43c" testName="Pim.UnitTests.Mobile.MobileFrequentPlaceServiceTests.NoHomeReturnsZeroOutings" computerName="ubuntu-server-100" duration="00:00:00.0068058" startTime="2026-08-25T08:37:06.1644162+00:00" endTime="2026-08-25T08:37:06.1644163+00:00" testType="13cdc9d9-ddb5-4fa4-a97d-d965ccfc6d4b" outcome="Passed" testListId="8c84fa94-04c1-424b-9868-57a2d4851a1d" relativeResultsDirectory="acdcfd1b-1969-4071-b1da-2f4beaabd8a1" />
    <UnitTestResult executionId="4912d6b2-0084-4ea4-b987-ea2dde5c683b" testId="dc96db94-f740-c55d-b1d7-842ada59ef93" testName="Pim.UnitTests.Mobile.MobileLocationAggregationServiceTests.GetTracksAsync_SinglePointSegmentIsStayWithSinglePointFlag" computerName="ubuntu-server-100" duration="00:00:00.0027225" startTime="2026-08-25T08:37:06.7289610+00:00" endTime="2026-08-25T08:37:06.7289611+00:00" testType="13cdc9d9-ddb5-4fa4-a97d-d965ccfc6d4b" outcome="Passed" testListId="8c84fa94-04c1-424b-9868-57a2d4851a1d" relativeResultsDirectory="4912d6b2-0084-4ea4-b987-ea2dde5c683b" />
    <UnitTestResult executionId="aa3d770c-db25-432e-ba1f-cac4bb273750" testId="8e51d2ac-92bc-cede-b3f2-fbc47e48e063" testName="Pim.UnitTests.Mobile.MobileWebContractTests.IngestResponse_SerializesItemAcknowledgementsExpectedByMobileClients" computerName="ubuntu-server-100" duration="00:00:00.0035924" startTime="2026-08-25T08:37:06.8781525+00:00" endTime="2026-08-25T08:37:06.8781526+00:00" testType="13cdc9d9-ddb5-4fa4-a97d-d965ccfc6d4b" outcome="Passed" testListId="8c84fa94-04c1-424b-9868-57a2d4851a1d" relativeResultsDirectory="aa3d770c-db25-432e-ba1f-cac4bb273750" />
    <UnitTestResult executionId="32ec1364-a1a7-4798-a01f-eaa182463c23" testId="a3a5f45a-c4a1-341f-b0c3-02bac5282dda" testName="Pim.UnitTests.Mobile.MobileModuleProjectReferenceTests.UnitTestsProject_ReferencesMobileModule" computerName="ubuntu-server-100" duration="00:00:00.0079939" startTime="2026-08-25T08:37:06.2277736+00:00" endTime="2026-08-25T08:37:06.2277738+00:00" testType="13cdc9d9-ddb5-4fa4-a97d-d965ccfc6d4b" outcome="Passed" testListId="8c84fa94-04c1-424b-9868-57a2d4851a1d" relativeResultsDirectory="32ec1364-a1a7-4798-a01f-eaa182463c23" />
    <UnitTestResult executionId="d54eb2c1-e339-4505-8714-f858fc808aea" testId="388ab8e5-4c7e-e8ea-d3ac-df2b1f469d90" testName="Pim.UnitTests.Mobile.MobileUsageIngestServiceTests.IngestAsync_SkipsDuplicateEventsAcrossBatches" computerName="ubuntu-server-100" duration="00:00:00.0072890" startTime="2026-08-25T08:37:06.3992564+00:00" endTime="2026-08-25T08:37:06.3992565+00:00" testType="13cdc9d9-ddb5-4fa4-a97d-d965ccfc6d4b" outcome="Passed" testListId="8c84fa94-04c1-424b-9868-57a2d4851a1d" relativeResultsDirectory="d54eb2c1-e339-4505-8714-f858fc808aea" />
    <UnitTestResult executionId="403522d0-363e-48ee-9f01-5bd025b345a7" testId="5cc3d31e-ba5d-e954-8d2e-418f8ae11725" testName="Pim.UnitTests.Mobile.SimpleDbscanTests.Run_MinPtsOneFormsSinglePointCluster" computerName="ubuntu-server-100" duration="00:00:00.0123135" startTime="2026-08-25T08:37:04.7795404+00:00" endTime="2026-08-25T08:37:04.7795405+00:00" testType="13cdc9d9-ddb5-4fa4-a97d-d965ccfc6d4b" outcome="Passed" testListId="8c84fa94-04c1-424b-9868-57a2d4851a1d" relativeResultsDirectory="403522d0-363e-48ee-9f01-5bd025b345a7" />
    <UnitTestResult executionId="3eea2126-0295-4209-baef-9b22343e96c7" testId="fdfa095f-a72f-3960-dc50-26a3696a55a7" testName="Pim.UnitTests.Mobile.MobileAppCatalogOverrideServiceTests.MarkAnalyticsStaleAsync_MarksAffectedAggregatesAndTimelineBlocksForPackageAndRange" computerName="ubuntu-server-100" duration="00:00:00.2023359" startTime="2026-08-25T08:37:06.5850009+00:00" endTime="2026-08-25T08:37:06.5850011+00:00" testType="13cdc9d9-ddb5-4fa4-a97d-d965ccfc6d4b" outcome="Passed" testListId="8c84fa94-04c1-424b-9868-57a2d4851a1d" relativeResultsDirectory="3eea2126-0295-4209-baef-9b22343e96c7" />
    <UnitTestResult executionId="d1b9e14f-fa60-473a-b9d3-b9f9895b91f9" testId="8f7d210f-e84e-30c1-a849-be284a32bc6c" testName="Pim.UnitTests.Mobile.MobileWebContractTests.SummaryResponse_SerializesDashboardFieldsExpectedByWeb" computerName="ubuntu-server-100" duration="00:00:00.0219935" startTime="2026-08-25T08:37:06.8432912+00:00" endTime="2026-08-25T08:37:06.8432913+00:00" testType="13cdc9d9-ddb5-4fa4-a97d-d965ccfc6d4b" outcome="Passed" testListId="8c84fa94-04c1-424b-9868-57a2d4851a1d" relativeResultsDirectory="d1b9e14f-fa60-473a-b9d3-b9f9895b91f9" />
    <UnitTestResult executionId="3d6f015f-e701-4856-86e7-b81e1a4bfc64" testId="146b87fe-9b07-9de0-623e-42bbd06efcd7" testName="Pim.UnitTests.Mobile.MobileAnalyticsContractTests.MobileAnalyticsEntities_AreRegisteredWithPracticalIndexesAndLengths" computerName="ubuntu-server-100" duration="00:00:00.0090616" startTime="2026-08-25T08:37:06.6414525+00:00" endTime="2026-08-25T08:37:06.6414526+00:00" testType="13cdc9d9-ddb5-4fa4-a97d-d965ccfc6d4b" outcome="Passed" testListId="8c84fa94-04c1-424b-9868-57a2d4851a1d" relativeResultsDirectory="3d6f015f-e701-4856-86e7-b81e1a4bfc64" />
    <UnitTestResult executionId="787fff0b-2a64-433f-9eda-316da58f8b3c" testId="d8287f85-dcfc-4b14-87cc-d297b14609a0" testName="Pim.UnitTests.Mobile.MobileUsageIngestServiceTests.IngestAsync_RejectsEveryDatabaseConstrainedAppField" computerName="ubuntu-server-100" duration="00:00:00.0128006" startTime="2026-08-25T08:37:06.3874128+00:00" endTime="2026-08-25T08:37:06.3874129+00:00" testType="13cdc9d9-ddb5-4fa4-a97d-d965ccfc6d4b" outcome="Passed" testListId="8c84fa94-04c1-424b-9868-57a2d4851a1d" relativeResultsDirectory="787fff0b-2a64-433f-9eda-316da58f8b3c" />
    <UnitTestResult executionId="ba3da532-b7c4-4c15-a03a-d37e27c86800" testId="44118a09-fb2a-79e7-2533-1ab3a69680d8" testName="Pim.UnitTests.Mobile.MobileTimelineBlockServiceTests.GetBlocksAsync_GroupsNearbyItemsAndFiltersDefaultNoiseAndShortEvents" computerName="ubuntu-server-100" duration="00:00:00.0969739" startTime="2026-08-25T08:37:06.3961634+00:00" endTime="2026-08-25T08:37:06.3961635+00:00" testType="13cdc9d9-ddb5-4fa4-a97d-d965ccfc6d4b" outcome="Passed" testListId="8c84fa94-04c1-424b-9868-57a2d4851a1d" relativeResultsDirectory="ba3da532-b7c4-4c15-a03a-d37e27c86800" />
    <UnitTestResult executionId="08c12bd0-97e1-410b-a3b9-686eccd56ef7" testId="b2341686-5f97-bc0b-58f3-43e7ac325cbd" testName="Pim.UnitTests.Mobile.MobileLocationAggregationServiceTests.GetTracksAsync_ReturnsStableUrlSafeSegmentIdsAcrossFilters" computerName="ubuntu-server-100" duration="00:00:00.0358541" startTime="2026-08-25T08:37:06.7991908+00:00" endTime="2026-08-25T08:37:06.7991910+00:00" testType="13cdc9d9-ddb5-4fa4-a97d-d965ccfc6d4b" outcome="Passed" testListId="8c84fa94-04c1-424b-9868-57a2d4851a1d" relativeResultsDirectory="08c12bd0-97e1-410b-a3b9-686eccd56ef7" />
    <UnitTestResult executionId="e6d51fb4-4557-4119-9790-c43daac71da0" testId="9fcf2bcb-4d06-2f89-dee2-cdee60c36bf9" testName="Pim.UnitTests.Mobile.MobileDeviceServiceTests.RegisterAsync_UpsertsDeviceByUserAndDeviceId" computerName="ubuntu-server-100" duration="00:00:00.0305432" startTime="2026-08-25T08:37:06.2054893+00:00" endTime="2026-08-25T08:37:06.2054893+00:00" testType="13cdc9d9-ddb5-4fa4-a97d-d965ccfc6d4b" outcome="Passed" testListId="8c84fa94-04c1-424b-9868-57a2d4851a1d" relativeResultsDirectory="e6d51fb4-4557-4119-9790-c43daac71da0" />
    <UnitTestResult executionId="6c9de4a8-92c4-4a3a-af97-0b3ee40e786f" testId="c81ef5ab-0969-4d07-acb1-548c195b89d4" testName="Pim.UnitTests.Mobile.MobileUsageIngestServiceTests.IngestAsync_MarksAffectedAnalyticsStaleWhenServiceIsAvailable" computerName="ubuntu-server-100" duration="00:00:00.0471089" startTime="2026-08-25T08:37:06.5771872+00:00" endTime="2026-08-25T08:37:06.5771873+00:00" testType="13cdc9d9-ddb5-4fa4-a97d-d965ccfc6d4b" outcome="Passed" testListId="8c84fa94-04c1-424b-9868-57a2d4851a1d" relativeResultsDirectory="6c9de4a8-92c4-4a3a-af97-0b3ee40e786f" />
    <UnitTestResult executionId="fdfb656f-35d4-4c0d-92de-24fc4765dd87" testId="b20694f4-6789-675d-3dac-793a73a7d19a" testName="Pim.UnitTests.Mobile.MobileLocationAggregationServiceTests.GetOverviewAsync_DoesNotAddDistanceAcrossDifferentDevices" computerName="ubuntu-server-100" duration="00:00:00.0107491" startTime="2026-08-25T08:37:06.7396931+00:00" endTime="2026-08-25T08:37:06.7396932+00:00" testType="13cdc9d9-ddb5-4fa4-a97d-d965ccfc6d4b" outcome="Passed" testListId="8c84fa94-04c1-424b-9868-57a2d4851a1d" relativeResultsDirectory="fdfb656f-35d4-4c0d-92de-24fc4765dd87" />
    <UnitTestResult executionId="3ca765c8-6ebd-49b3-9551-d27ba40f601f" testId="a36ffe7c-35bc-c8df-3f36-883ede959a0d" testName="Pim.UnitTests.Mobile.MobileFrequentPlaceServiceTests.NightPointsPickHome" computerName="ubuntu-server-100" duration="00:00:00.0046258" startTime="2026-08-25T08:37:06.1941614+00:00" endTime="2026-08-25T08:37:06.1941616+00:00" testType="13cdc9d9-ddb5-4fa4-a97d-d965ccfc6d4b" outcome="Passed" testListId="8c84fa94-04c1-424b-9868-57a2d4851a1d" relativeResultsDirectory="3ca765c8-6ebd-49b3-9551-d27ba40f601f" />
    <UnitTestResult executionId="a0a8bd14-9b4d-4220-afd0-8af1b021308c" testId="4897b9d3-e203-1134-795f-9155fe53180a" testName="Pim.UnitTests.Mobile.MobileAppClassificationServiceTests.ClassifyAsync_MapsLegacyAndroidNumericCategories(androidCategory: &quot;0&quot;, expectedCategory: &quot;游戏&quot;)" computerName="ubuntu-server-100" duration="00:00:00.0013284" startTime="2026-08-25T08:37:06.2370651+00:00" endTime="2026-08-25T08:37:06.2370652+00:00" testType="13cdc9d9-ddb5-4fa4-a97d-d965ccfc6d4b" outcome="Passed" testListId="8c84fa94-04c1-424b-9868-57a2d4851a1d" relativeResultsDirectory="a0a8bd14-9b4d-4220-afd0-8af1b021308c" />
    <UnitTestResult executionId="0ec7df95-8899-4aad-9c0d-8c570125a4e5" testId="6633d344-38c8-fab8-036c-576b437a3e2c" testName="Pim.UnitTests.Mobile.MobileFrequentPlaceServiceTests.NoClusterAboveMinPts_ReturnsEmpty" computerName="ubuntu-server-100" duration="00:00:00.0037797" startTime="2026-08-25T08:37:06.1911670+00:00" endTime="2026-08-25T08:37:06.1911671+00:00" testType="13cdc9d9-ddb5-4fa4-a97d-d965ccfc6d4b" outcome="Passed" testListId="8c84fa94-04c1-424b-9868-57a2d4851a1d" relativeResultsDirectory="0ec7df95-8899-4aad-9c0d-8c570125a4e5" />
    <UnitTestResult executionId="a6cb4918-59de-4887-80cd-3220042061f1" testId="328c113c-bb83-2e65-43e5-99f023d6c61e" testName="Pim.UnitTests.Mobile.MobileLocationAggregationServiceTests.GetTracksAsync_FuzzyBandUsesMotionSignalFromRawJson" computerName="ubuntu-server-100" duration="00:00:00.0049644" startTime="2026-08-25T08:37:06.7256714+00:00" endTime="2026-08-25T08:37:06.7256715+00:00" testType="13cdc9d9-ddb5-4fa4-a97d-d965ccfc6d4b" outcome="Passed" testListId="8c84fa94-04c1-424b-9868-57a2d4851a1d" relativeResultsDirectory="a6cb4918-59de-4887-80cd-3220042061f1" />
    <UnitTestResult executionId="158c08bc-e359-487c-99e5-d9bb0e392a3a" testId="734920dc-a1e3-caf8-0b5d-11cd173427d0" testName="Pim.UnitTests.Mobile.MobileUsageIngestServiceTests.IngestAsync_RepeatedBatchReturnsPersistedItemResults" computerName="ubuntu-server-100" duration="00:00:00.0068590" startTime="2026-08-25T08:37:06.5817570+00:00" endTime="2026-08-25T08:37:06.5817571+00:00" testType="13cdc9d9-ddb5-4fa4-a97d-d965ccfc6d4b" outcome="Passed" testListId="8c84fa94-04c1-424b-9868-57a2d4851a1d" relativeResultsDirectory="158c08bc-e359-487c-99e5-d9bb0e392a3a" />
    <UnitTestResult executionId="ab168f8f-9f2d-4265-8e12-2c9b6a8454de" testId="abc9a62b-b856-40a5-6759-c160d0580b69" testName="Pim.UnitTests.Mobile.MobileModelTests.MobileModule_RegistersExpectedEntities" computerName="ubuntu-server-100" duration="00:00:00.0014697" startTime="2026-08-25T08:37:06.8209560+00:00" endTime="2026-08-25T08:37:06.8209561+00:00" testType="13cdc9d9-ddb5-4fa4-a97d-d965ccfc6d4b" outcome="Passed" testListId="8c84fa94-04c1-424b-9868-57a2d4851a1d" relativeResultsDirectory="ab168f8f-9f2d-4265-8e12-2c9b6a8454de" />
    <UnitTestResult executionId="2d8262fc-9cf4-4828-b413-9cb708baa791" testId="2bbb264f-f67a-cd83-c3d3-178530bf4770" testName="Pim.UnitTests.Mobile.MobileAppClassificationServiceTests.ClassifyAsync_ResolvesDisplayNameFromLatestMetadataBuiltInFriendlyNameThenPackage" computerName="ubuntu-server-100" duration="00:00:00.0078303" startTime="2026-08-25T08:37:06.2534557+00:00" endTime="2026-08-25T08:37:06.2534558+00:00" testType="13cdc9d9-ddb5-4fa4-a97d-d965ccfc6d4b" outcome="Passed" testListId="8c84fa94-04c1-424b-9868-57a2d4851a1d" relativeResultsDirectory="2d8262fc-9cf4-4828-b413-9cb708baa791" />
    <UnitTestResult executionId="f8137b57-bd18-4fa1-a9c8-a5094030664c" testId="c10b6cd4-444d-fc76-c83c-50fab8b53116" testName="Pim.UnitTests.Mobile.MobileUsageGoalServiceTests.SaveAsync_StoresUserGlobalDailyGoalAndListAsyncReturnsIt" computerName="ubuntu-server-100" duration="00:00:00.0032571" startTime="2026-08-25T08:37:06.1731328+00:00" endTime="2026-08-25T08:37:06.1731329+00:00" testType="13cdc9d9-ddb5-4fa4-a97d-d965ccfc6d4b" outcome="Passed" testListId="8c84fa94-04c1-424b-9868-57a2d4851a1d" relativeResultsDirectory="f8137b57-bd18-4fa1-a9c8-a5094030664c" />
    <UnitTestResult executionId="c666e77a-a067-4ae5-962b-603ebf62d5bd" testId="7a422f56-884e-7db2-05a4-7079d42c771f" testName="Pim.UnitTests.Mobile.MobileAppClassificationServiceTests.ClassifyAsync_MapsLegacyAndroidNumericCategories(androidCategory: &quot;2&quot;, expectedCategory: &quot;视频&quot;)" computerName="ubuntu-server-100" duration="00:00:00.0015621" startTime="2026-08-25T08:37:06.2337065+00:00" endTime="2026-08-25T08:37:06.2337066+00:00" testType="13cdc9d9-ddb5-4fa4-a97d-d965ccfc6d4b" outcome="Passed" testListId="8c84fa94-04c1-424b-9868-57a2d4851a1d" relativeResultsDirectory="c666e77a-a067-4ae5-962b-603ebf62d5bd" />
    <UnitTestResult executionId="3a22806b-3a1e-44c1-94cd-1d7600f7faf1" testId="f994d9f9-89cf-8625-e2b1-196e1427f4cc" testName="Pim.UnitTests.Mobile.MobileAppClassificationServiceTests.ClassifyAsync_UserOverrideWinsBeforeRulesAndMetadata" computerName="ubuntu-server-100" duration="00:00:00.0034145" startTime="2026-08-25T08:37:06.3254527+00:00" endTime="2026-08-25T08:37:06.3254528+00:00" testType="13cdc9d9-ddb5-4fa4-a97d-d965ccfc6d4b" outcome="Passed" testListId="8c84fa94-04c1-424b-9868-57a2d4851a1d" relativeResultsDirectory="3a22806b-3a1e-44c1-94cd-1d7600f7faf1" />
    <UnitTestResult executionId="a63f1ae5-70bd-42f6-9bfc-8900e9bc4981" testId="424ceb0c-937d-c34e-8979-25f009b77541" testName="Pim.UnitTests.Mobile.MobileAppClassificationServiceTests.ClassifyAsync_MapsLegacyAndroidNumericCategories(androidCategory: &quot;7&quot;, expectedCategory: &quot;文档&quot;)" computerName="ubuntu-server-100" duration="00:00:00.0020961" startTime="2026-08-25T08:37:06.2318304+00:00" endTime="2026-08-25T08:37:06.2318305+00:00" testType="13cdc9d9-ddb5-4fa4-a97d-d965ccfc6d4b" outcome="Passed" testListId="8c84fa94-04c1-424b-9868-57a2d4851a1d" relativeResultsDirectory="a63f1ae5-70bd-42f6-9bfc-8900e9bc4981" />
    <UnitTestResult executionId="4de8314c-6941-493c-aa44-62d4adf51ac1" testId="ae113033-3452-4c22-8882-1fc5f8af756f" testName="Pim.UnitTests.Mobile.MobileGapServiceTests.GetGapsAsync_ClampsRequestedRangeToMostRecentFourteenDays" computerName="ubuntu-server-100" duration="00:00:00.0293279" startTime="2026-08-25T08:37:06.6951738+00:00" endTime="2026-08-25T08:37:06.6951739+00:00" testType="13cdc9d9-ddb5-4fa4-a97d-d965ccfc6d4b" outcome="Passed" testListId="8c84fa94-04c1-424b-9868-57a2d4851a1d" relativeResultsDirectory="4de8314c-6941-493c-aa44-62d4adf51ac1" />
    <UnitTestResult executionId="c7e3195d-0d31-433e-bd52-b0ceb992c607" testId="2021bd84-a542-519a-50e0-c9d443de1c59" testName="Pim.UnitTests.Mobile.MobileLocationAggregationServiceTests.GetOverviewAsync_ReturnsAcceptedMetricInputs" computerName="ubuntu-server-100" duration="00:00:00.0027456" startTime="2026-08-25T08:37:06.8112337+00:00" endTime="2026-08-25T08:37:06.8112338+00:00" testType="13cdc9d9-ddb5-4fa4-a97d-d965ccfc6d4b" outcome="Passed" testListId="8c84fa94-04c1-424b-9868-57a2d4851a1d" relativeResultsDirectory="c7e3195d-0d31-433e-bd52-b0ceb992c607" />
    <UnitTestResult executionId="843396d0-f62d-4623-9eea-2c75c4aa9a51" testId="9d5c1cbf-8f1e-e065-3ff6-9c879535e81a" testName="Pim.UnitTests.Mobile.MobileQualityServiceTests.GetQualityAsync_IgnoresHeartbeatsFromOtherUsersDevices" computerName="ubuntu-server-100" duration="00:00:00.0067081" startTime="2026-08-25T08:37:06.0637300+00:00" endTime="2026-08-25T08:37:06.0637301+00:00" testType="13cdc9d9-ddb5-4fa4-a97d-d965ccfc6d4b" outcome="Passed" testListId="8c84fa94-04c1-424b-9868-57a2d4851a1d" relativeResultsDirectory="843396d0-f62d-4623-9eea-2c75c4aa9a51" />
    <UnitTestResult executionId="db0d91df-746a-41b6-b0d6-cac22bb35e19" testId="52f479a1-17b1-2ef8-4802-31649872c439" testName="Pim.UnitTests.Mobile.MobileLocationQueryServiceTests.Normalize_DefaultsToLastSevenBeijingDays" computerName="ubuntu-server-100" duration="00:00:00.0006034" startTime="2026-08-25T08:37:06.1742809+00:00" endTime="2026-08-25T08:37:06.1742809+00:00" testType="13cdc9d9-ddb5-4fa4-a97d-d965ccfc6d4b" outcome="Passed" testListId="8c84fa94-04c1-424b-9868-57a2d4851a1d" relativeResultsDirectory="db0d91df-746a-41b6-b0d6-cac22bb35e19" />
    <UnitTestResult executionId="67e2343f-0299-46e6-8350-d20e05b14151" testId="ecef348f-2959-cafe-40e8-32beebfeb241" testName="Pim.UnitTests.Mobile.MobileQualityServiceTests.GetQualityAsync_ReportsRealSyncLocationAndFallbackIssues" computerName="ubuntu-server-100" duration="00:00:00.3363296" startTime="2026-08-25T08:37:06.0569010+00:00" endTime="2026-08-25T08:37:06.0569012+00:00" testType="13cdc9d9-ddb5-4fa4-a97d-d965ccfc6d4b" outcome="Passed" testListId="8c84fa94-04c1-424b-9868-57a2d4851a1d" relativeResultsDirectory="67e2343f-0299-46e6-8350-d20e05b14151" />
    <UnitTestResult executionId="8e0a690f-e1d2-4ee5-9068-8a9aa3a21200" testId="a261f8ae-f631-821b-73c2-5834221f926f" testName="Pim.UnitTests.Mobile.SimpleDbscanTests.Run_AssignsBorderPointToCoreNeighborhood" computerName="ubuntu-server-100" duration="00:00:00.0015900" startTime="2026-08-25T08:37:04.7696189+00:00" endTime="2026-08-25T08:37:04.7696190+00:00" testType="13cdc9d9-ddb5-4fa4-a97d-d965ccfc6d4b" outcome="Passed" testListId="8c84fa94-04c1-424b-9868-57a2d4851a1d" relativeResultsDirectory="8e0a690f-e1d2-4ee5-9068-8a9aa3a21200" />
    <UnitTestResult executionId="62dc7673-1b4a-49c0-a594-ae5b11f49ccf" testId="960fbe7b-358a-35b7-5aa2-d9c173baa986" testName="Pim.UnitTests.Mobile.MobileAppCatalogOverrideServiceTests.CategoryRuleCrud_ListsCreatesUpdatesAndDeletesRules" computerName="ubuntu-server-100" duration="00:00:00.0470673" startTime="2026-08-25T08:37:06.6317723+00:00" endTime="2026-08-25T08:37:06.6317724+00:00" testType="13cdc9d9-ddb5-4fa4-a97d-d965ccfc6d4b" outcome="Passed" testListId="8c84fa94-04c1-424b-9868-57a2d4851a1d" relativeResultsDirectory="62dc7673-1b4a-49c0-a594-ae5b11f49ccf" />
    <UnitTestResult executionId="87ad6db9-2867-4fef-a77a-c3aee6d75f69" testId="5d0be886-5542-c549-07b1-105e7470d28f" testName="Pim.UnitTests.Mobile.MobileLocationAggregationServiceTests.GetTracksAsync_SplitsStayMoveStayWithinContinuousTrack" computerName="ubuntu-server-100" duration="00:00:00.0059742" startTime="2026-08-25T08:37:06.7203155+00:00" endTime="2026-08-25T08:37:06.7203156+00:00" testType="13cdc9d9-ddb5-4fa4-a97d-d965ccfc6d4b" outcome="Passed" testListId="8c84fa94-04c1-424b-9868-57a2d4851a1d" relativeResultsDirectory="87ad6db9-2867-4fef-a77a-c3aee6d75f69" />
    <UnitTestResult executionId="cc2adf06-790b-4001-a504-d754f59bd12e" testId="f7226020-889d-79a4-93d5-68e8e9b172ab" testName="Pim.UnitTests.Mobile.MobileAnalyticsContractTests.OverrideEntity_IsUserGlobalByPackageName" computerName="ubuntu-server-100" duration="00:00:00.0002430" startTime="2026-08-25T08:37:06.6655616+00:00" endTime="2026-08-25T08:37:06.6655617+00:00" testType="13cdc9d9-ddb5-4fa4-a97d-d965ccfc6d4b" outcome="Passed" testListId="8c84fa94-04c1-424b-9868-57a2d4851a1d" relativeResultsDirectory="cc2adf06-790b-4001-a504-d754f59bd12e" />
    <UnitTestResult executionId="eaa68126-985e-4e33-ad97-b67a803ba3b6" testId="43aee933-9d5b-b3c8-98b2-7b6dd668d575" testName="Pim.UnitTests.Mobile.MobileLocationServiceTests.SubmitAsync_RejectsFiftyMeterAccuracy" computerName="ubuntu-server-100" duration="00:00:00.0169875" startTime="2026-08-25T08:37:06.2476295+00:00" endTime="2026-08-25T08:37:06.2476296+00:00" testType="13cdc9d9-ddb5-4fa4-a97d-d965ccfc6d4b" outcome="Passed" testListId="8c84fa94-04c1-424b-9868-57a2d4851a1d" relativeResultsDirectory="eaa68126-985e-4e33-ad97-b67a803ba3b6" />
    <UnitTestResult executionId="a92828bb-245d-4613-b031-15fc881dcc85" testId="fdbb6a15-35e3-6a02-f5c4-a01bab12f523" testName="Pim.UnitTests.Mobile.MobileUsageAggregationServiceTests.GetOverviewAsync_UsesOverridesGoalsAndBeijingHour" computerName="ubuntu-server-100" duration="00:00:00.0963465" startTime="2026-08-25T08:37:06.0976990+00:00" endTime="2026-08-25T08:37:06.0976991+00:00" testType="13cdc9d9-ddb5-4fa4-a97d-d965ccfc6d4b" outcome="Passed" testListId="8c84fa94-04c1-424b-9868-57a2d4851a1d" relativeResultsDirectory="a92828bb-245d-4613-b031-15fc881dcc85" />
    <UnitTestResult executionId="72fde3a5-fc93-46bf-a16b-5c5dc1670360" testId="f8a61572-02dc-9a4c-e1a1-6e785b6fa707" testName="Pim.UnitTests.Mobile.MobileFrequentPlaceServiceTests.DistanceSumsMoveSegmentsOnly" computerName="ubuntu-server-100" duration="00:00:00.0170449" startTime="2026-08-25T08:37:06.2835356+00:00" endTime="2026-08-25T08:37:06.2835356+00:00" testType="13cdc9d9-ddb5-4fa4-a97d-d965ccfc6d4b" outcome="Passed" testListId="8c84fa94-04c1-424b-9868-57a2d4851a1d" relativeResultsDirectory="72fde3a5-fc93-46bf-a16b-5c5dc1670360" />
    <UnitTestResult executionId="df2ad279-3372-4960-9f2b-5dbcc8b848ce" testId="a61a66e8-86da-cba5-cf21-16af1e000fa1" testName="Pim.UnitTests.Mobile.MobileGapServiceTests.GetGapsAsync_ReturnsMissingTailWhenCurrentDayHasOnlyEarlyCoverage" computerName="ubuntu-server-100" duration="00:00:00.0104723" startTime="2026-08-25T08:37:06.7046913+00:00" endTime="2026-08-25T08:37:06.7046914+00:00" testType="13cdc9d9-ddb5-4fa4-a97d-d965ccfc6d4b" outcome="Passed" testListId="8c84fa94-04c1-424b-9868-57a2d4851a1d" relativeResultsDirectory="df2ad279-3372-4960-9f2b-5dbcc8b848ce" />
    <UnitTestResult executionId="34c1df0b-e90f-4e3b-a305-f6de390af9cc" testId="b9395f5a-5441-7516-42cd-b1a66d897b8d" testName="Pim.UnitTests.Mobile.MobileLocationAggregationServiceTests.GetTracksAsync_AppendixARegression_StaticJitterGroupIsSingleStaySegment" computerName="ubuntu-server-100" duration="00:00:00.0045801" startTime="2026-08-25T08:37:06.7590355+00:00" endTime="2026-08-25T08:37:06.7590356+00:00" testType="13cdc9d9-ddb5-4fa4-a97d-d965ccfc6d4b" outcome="Passed" testListId="8c84fa94-04c1-424b-9868-57a2d4851a1d" relativeResultsDirectory="34c1df0b-e90f-4e3b-a305-f6de390af9cc" />
    <UnitTestResult executionId="956143ce-7f07-426d-b16d-91bec1f86620" testId="b94fc773-ae03-9c91-4e95-b14b0f159e25" testName="Pim.UnitTests.Mobile.MobileAppClassificationServiceTests.ClassifyAsync_MarksSystemNoisePackages(packageName: &quot;com.google.android.inputmethod.latin&quot;, androidCategory: null)" computerName="ubuntu-server-100" duration="00:00:00.0013170" startTime="2026-08-25T08:37:06.2445457+00:00" endTime="2026-08-25T08:37:06.2445458+00:00" testType="13cdc9d9-ddb5-4fa4-a97d-d965ccfc6d4b" outcome="Passed" testListId="8c84fa94-04c1-424b-9868-57a2d4851a1d" relativeResultsDirectory="956143ce-7f07-426d-b16d-91bec1f86620" />
    <UnitTestResult executionId="ebc52103-ddce-4025-8db8-b83b282d18cf" testId="a790ab3a-b4ed-3348-99f5-73839d1e6bd6" testName="Pim.UnitTests.Mobile.MobileSessionInterpreterTests.RebuildSessionsAsync_ClosesPreviousForegroundAppOnAppSwitchAndFlagsIt" computerName="ubuntu-server-100" duration="00:00:01.1796643" startTime="2026-08-25T08:37:05.9020481+00:00" endTime="2026-08-25T08:37:05.9020483+00:00" testType="13cdc9d9-ddb5-4fa4-a97d-d965ccfc6d4b" outcome="Passed" testListId="8c84fa94-04c1-424b-9868-57a2d4851a1d" relativeResultsDirectory="ebc52103-ddce-4025-8db8-b83b282d18cf" />
    <UnitTestResult executionId="247c105f-0880-419e-969c-32ef5916b047" testId="5906beee-2415-301d-c31d-67f014028c25" testName="Pim.UnitTests.Mobile.MobileEndpointTests.MobileServices_RegisterLocationAnalyticsServices" computerName="ubuntu-server-100" duration="00:00:00.0007597" startTime="2026-08-25T08:37:06.8199195+00:00" endTime="2026-08-25T08:37:06.8199196+00:00" testType="13cdc9d9-ddb5-4fa4-a97d-d965ccfc6d4b" outcome="Passed" testListId="8c84fa94-04c1-424b-9868-57a2d4851a1d" relativeResultsDirectory="247c105f-0880-419e-969c-32ef5916b047" />
    <UnitTestResult executionId="3e76555d-1c74-42a4-80a3-7edbca6a82d3" testId="c0e31fdc-b709-5271-b3cd-38ad1cef1451" testName="Pim.UnitTests.Mobile.MobileFrequentPlaceServiceTests.ShortExcursionUnder10MinNotCounted" computerName="ubuntu-server-100" duration="00:00:00.0057405" startTime="2026-08-25T08:37:06.2959956+00:00" endTime="2026-08-25T08:37:06.2959957+00:00" testType="13cdc9d9-ddb5-4fa4-a97d-d965ccfc6d4b" outcome="Passed" testListId="8c84fa94-04c1-424b-9868-57a2d4851a1d" relativeResultsDirectory="3e76555d-1c74-42a4-80a3-7edbca6a82d3" />
    <UnitTestResult executionId="d09b4bd1-a13b-4188-ad1e-10ecf3a4b088" testId="cc9a5457-18ef-b08c-2872-6d01b8bd340e" testName="Pim.UnitTests.Mobile.MobileUsageIngestServiceTests.IngestAsync_ReturnsStableResultForEverySentItem" computerName="ubuntu-server-100" duration="00:00:00.0097046" startTime="2026-08-25T08:37:06.5934250+00:00" endTime="2026-08-25T08:37:06.5934252+00:00" testType="13cdc9d9-ddb5-4fa4-a97d-d965ccfc6d4b" outcome="Passed" testListId="8c84fa94-04c1-424b-9868-57a2d4851a1d" relativeResultsDirectory="d09b4bd1-a13b-4188-ad1e-10ecf3a4b088" />
    <UnitTestResult executionId="2a805b4f-a27b-4372-99da-2211cfcd2f04" testId="48bb1fbc-c864-e5eb-f9b7-9b14a506a434" testName="Pim.UnitTests.Mobile.MobileGapServiceTests.GetGapsAsync_TreatsCompletedEmptyBatchAsCovered" computerName="ubuntu-server-100" duration="00:00:00.0034685" startTime="2026-08-25T08:37:06.7100509+00:00" endTime="2026-08-25T08:37:06.7100511+00:00" testType="13cdc9d9-ddb5-4fa4-a97d-d965ccfc6d4b" outcome="Passed" testListId="8c84fa94-04c1-424b-9868-57a2d4851a1d" relativeResultsDirectory="2a805b4f-a27b-4372-99da-2211cfcd2f04" />
    <UnitTestResult executionId="a17a8f5e-b2fb-44dd-9920-4bef10d44418" testId="7389ff40-583a-f862-2ca1-29c33cbd0c85" testName="Pim.UnitTests.Mobile.MobileTimelineBlockServiceTests.GetBlocksAsync_AppliesPackageCategorySourceAndNoiseOptions" computerName="ubuntu-server-100" duration="00:00:00.0494563" startTime="2026-08-25T08:37:06.6060115+00:00" endTime="2026-08-25T08:37:06.6060116+00:00" testType="13cdc9d9-ddb5-4fa4-a97d-d965ccfc6d4b" outcome="Passed" testListId="8c84fa94-04c1-424b-9868-57a2d4851a1d" relativeResultsDirectory="a17a8f5e-b2fb-44dd-9920-4bef10d44418" />
    <UnitTestResult executionId="3eb18ebe-19fa-4245-b3ba-36a56f2c5252" testId="8d676448-6532-a101-d77d-301461b2b2d4" testName="Pim.UnitTests.Mobile.MobileAppClassificationServiceTests.ClassifyAsync_UsesAndroidMetadataBuiltInRulesThenFallback" computerName="ubuntu-server-100" duration="00:00:00.0067604" startTime="2026-08-25T08:37:06.3328327+00:00" endTime="2026-08-25T08:37:06.3328328+00:00" testType="13cdc9d9-ddb5-4fa4-a97d-d965ccfc6d4b" outcome="Passed" testListId="8c84fa94-04c1-424b-9868-57a2d4851a1d" relativeResultsDirectory="3eb18ebe-19fa-4245-b3ba-36a56f2c5252" />
    <UnitTestResult executionId="a74b34b8-301a-445b-9100-75a6cb73c3f1" testId="5ef39189-6e52-2e85-0c34-a35c7a771ca2" testName="Pim.UnitTests.Mobile.MobileUsageIngestServiceTests.IngestAsync_IsIdempotentAndStoresFallbackSummariesSeparately" computerName="ubuntu-server-100" duration="00:00:00.0246785" startTime="2026-08-25T08:37:06.3661904+00:00" endTime="2026-08-25T08:37:06.3661905+00:00" testType="13cdc9d9-ddb5-4fa4-a97d-d965ccfc6d4b" outcome="Passed" testListId="8c84fa94-04c1-424b-9868-57a2d4851a1d" relativeResultsDirectory="a74b34b8-301a-445b-9100-75a6cb73c3f1" />
    <UnitTestResult executionId="eea64bfb-9ba1-4c8d-852a-cbeba6f72c9d" testId="f3fd4731-2cb3-ec80-251e-76944f510b1f" testName="Pim.UnitTests.Mobile.MobileAppClassificationServiceTests.ClassifyAsync_MarksSystemNoisePackages(packageName: &quot;com.miui.home&quot;, androidCategory: &quot;launcher&quot;)" computerName="ubuntu-server-100" duration="00:00:00.0027492" startTime="2026-08-25T08:37:06.2400544+00:00" endTime="2026-08-25T08:37:06.2400546+00:00" testType="13cdc9d9-ddb5-4fa4-a97d-d965ccfc6d4b" outcome="Passed" testListId="8c84fa94-04c1-424b-9868-57a2d4851a1d" relativeResultsDirectory="eea64bfb-9ba1-4c8d-852a-cbeba6f72c9d" />
    <UnitTestResult executionId="b8479808-28b5-472c-bb55-8970e92973de" testId="5fff56b0-ecfd-94f9-d464-2e90183d46d2" testName="Pim.UnitTests.Mobile.MobileLocationServiceTests.SubmitAsync_RejectsAccuracyGreaterThanFiftyMeters" computerName="ubuntu-server-100" duration="00:00:00.0136541" startTime="2026-08-25T08:37:06.2601966+00:00" endTime="2026-08-25T08:37:06.2601966+00:00" testType="13cdc9d9-ddb5-4fa4-a97d-d965ccfc6d4b" outcome="Passed" testListId="8c84fa94-04c1-424b-9868-57a2d4851a1d" relativeResultsDirectory="b8479808-28b5-472c-bb55-8970e92973de" />
    <UnitTestResult executionId="c8d06270-f16e-45f3-a1e7-a4f2bd8cdfed" testId="986e4c8c-5358-ad04-7cb9-93c98929bb2b" testName="Pim.UnitTests.Mobile.MobileUsageGoalServiceTests.SaveAsync_UpdatesExistingScopePackageAndCategory" computerName="ubuntu-server-100" duration="00:00:00.0313050" startTime="2026-08-25T08:37:06.1682059+00:00" endTime="2026-08-25T08:37:06.1682061+00:00" testType="13cdc9d9-ddb5-4fa4-a97d-d965ccfc6d4b" outcome="Passed" testListId="8c84fa94-04c1-424b-9868-57a2d4851a1d" relativeResultsDirectory="c8d06270-f16e-45f3-a1e7-a4f2bd8cdfed" />
    <UnitTestResult executionId="28622988-b061-4a3a-a20a-dc1937e04164" testId="ed0eee58-1038-79ca-7afd-2eed57ae0d33" testName="Pim.UnitTests.Mobile.MobileQualityServiceTests.GetQualityAsync_WarnsWhenFallbackOrAppMetadataGapsRemainWithRealEvents" computerName="ubuntu-server-100" duration="00:00:00.1009070" startTime="2026-08-25T08:37:06.1649921+00:00" endTime="2026-08-25T08:37:06.1649922+00:00" testType="13cdc9d9-ddb5-4fa4-a97d-d965ccfc6d4b" outcome="Passed" testListId="8c84fa94-04c1-424b-9868-57a2d4851a1d" relativeResultsDirectory="28622988-b061-4a3a-a20a-dc1937e04164" />
    <UnitTestResult executionId="269846fa-d3cd-4490-a100-f3b4e5da8a39" testId="6d0f990e-c34c-3d42-b97d-db9b28cd146d" testName="Pim.UnitTests.Mobile.MobileAppCatalogOverrideServiceTests.DeleteAndClearOverrides_RemoveOnlyCurrentUserOverrides" computerName="ubuntu-server-100" duration="00:00:00.0540980" startTime="2026-08-25T08:37:06.3660845+00:00" endTime="2026-08-25T08:37:06.3660846+00:00" testType="13cdc9d9-ddb5-4fa4-a97d-d965ccfc6d4b" outcome="Passed" testListId="8c84fa94-04c1-424b-9868-57a2d4851a1d" relativeResultsDirectory="269846fa-d3cd-4490-a100-f3b4e5da8a39" />
    <UnitTestResult executionId="de839e89-f1e0-4b2b-9958-d7ab80e8ad2a" testId="d3683a63-46aa-37ce-2c0a-7b9f8b0b6270" testName="Pim.UnitTests.Mobile.MobileModelTests.MobileLocation_UsesPreciseCoordinateAndAccuracyMappings" computerName="ubuntu-server-100" duration="00:00:00.0011249" startTime="2026-08-25T08:37:06.8224377+00:00" endTime="2026-08-25T08:37:06.8224378+00:00" testType="13cdc9d9-ddb5-4fa4-a97d-d965ccfc6d4b" outcome="Passed" testListId="8c84fa94-04c1-424b-9868-57a2d4851a1d" relativeResultsDirectory="de839e89-f1e0-4b2b-9958-d7ab80e8ad2a" />
    <UnitTestResult executionId="c4965aef-d512-4c33-ac57-28a9cac0c984" testId="14535426-7e02-8b79-165e-ba46b42383a5" testName="Pim.UnitTests.Mobile.MobileAnalyticsContractTests.Defaults_ExposeExpectedTimezonePagingAndLifeCategories" computerName="ubuntu-server-100" duration="00:00:00.0006678" startTime="2026-08-25T08:37:06.6649003+00:00" endTime="2026-08-25T08:37:06.6649004+00:00" testType="13cdc9d9-ddb5-4fa4-a97d-d965ccfc6d4b" outcome="Passed" testListId="8c84fa94-04c1-424b-9868-57a2d4851a1d" relativeResultsDirectory="c4965aef-d512-4c33-ac57-28a9cac0c984" />
    <UnitTestResult executionId="e2d9138a-9562-4c84-83c6-ee7632d8139f" testId="882488f6-f6ae-ef55-009c-cec16700b199" testName="Pim.UnitTests.Mobile.MobileFrequentPlaceServiceTests.CrossDevicePointsNotMerged" computerName="ubuntu-server-100" duration="00:00:00.0209225" startTime="2026-08-25T08:37:06.1555167+00:00" endTime="2026-08-25T08:37:06.1555168+00:00" testType="13cdc9d9-ddb5-4fa4-a97d-d965ccfc6d4b" outcome="Passed" testListId="8c84fa94-04c1-424b-9868-57a2d4851a1d" relativeResultsDirectory="e2d9138a-9562-4c84-83c6-ee7632d8139f" />
    <UnitTestResult executionId="4d438863-1ea8-4067-9d68-1779e621a964" testId="2b75c9f3-0db6-2006-307e-d86bf9a3b610" testName="Pim.UnitTests.Mobile.MobileUsageIngestServiceTests.IngestAsync_UpsertsAppMetadataByPackageName" computerName="ubuntu-server-100" duration="00:00:00.0130829" startTime="2026-08-25T08:37:07.0336046+00:00" endTime="2026-08-25T08:37:07.0336049+00:00" testType="13cdc9d9-ddb5-4fa4-a97d-d965ccfc6d4b" outcome="Passed" testListId="8c84fa94-04c1-424b-9868-57a2d4851a1d" relativeResultsDirectory="4d438863-1ea8-4067-9d68-1779e621a964" />
    <UnitTestResult executionId="12250855-010e-4834-881e-b301b5e2dbce" testId="02be171e-53a6-77b6-586c-0a57f1e90a88" testName="Pim.UnitTests.Mobile.MobileLocationServiceTests.SubmitAsync_AcceptsNullAltitudeWithQualityFlagInRawJson" computerName="ubuntu-server-100" duration="00:00:00.0044496" startTime="2026-08-25T08:37:06.2651844+00:00" endTime="2026-08-25T08:37:06.2651846+00:00" testType="13cdc9d9-ddb5-4fa4-a97d-d965ccfc6d4b" outcome="Passed" testListId="8c84fa94-04c1-424b-9868-57a2d4851a1d" relativeResultsDirectory="12250855-010e-4834-881e-b301b5e2dbce" />
    <UnitTestResult executionId="ef41dcdb-8bda-4e9d-8b62-8efeaa7ecd64" testId="a3253d17-c1ee-7d91-59ed-1b0512f3052b" testName="Pim.UnitTests.Mobile.MobileUsageQueryServiceTests.WhereFallbackSummaries_BuildsRelationalQueryWithoutClientMethod" computerName="ubuntu-server-100" duration="00:00:00.6791461" startTime="2026-08-25T08:37:07.2921496+00:00" endTime="2026-08-25T08:37:07.2921498+00:00" testType="13cdc9d9-ddb5-4fa4-a97d-d965ccfc6d4b" outcome="Passed" testListId="8c84fa94-04c1-424b-9868-57a2d4851a1d" relativeResultsDirectory="ef41dcdb-8bda-4e9d-8b62-8efeaa7ecd64" />
    <UnitTestResult executionId="3b10a7a0-3c50-414b-b1b7-87dc79c2e0ff" testId="8895b3e3-1002-98aa-ecee-f340bad78950" testName="Pim.UnitTests.Mobile.MobileUsageAggregationServiceTests.GetOverviewAndHeatmapAsync_ProrateFallbackSummariesToOverlappingRange" computerName="ubuntu-server-100" duration="00:00:00.0097637" startTime="2026-08-25T08:37:06.1121576+00:00" endTime="2026-08-25T08:37:06.1121577+00:00" testType="13cdc9d9-ddb5-4fa4-a97d-d965ccfc6d4b" outcome="Passed" testListId="8c84fa94-04c1-424b-9868-57a2d4851a1d" relativeResultsDirectory="3b10a7a0-3c50-414b-b1b7-87dc79c2e0ff" />
    <UnitTestResult executionId="b85b3e13-d202-4500-9cc9-f30a3c8edba4" testId="dd3efee5-5a3e-4dbc-5fd7-ef44312494a0" testName="Pim.UnitTests.Mobile.MobileLocationAggregationServiceTests.GetTracksAsync_DoesNotConnectDifferentDevices" computerName="ubuntu-server-100" duration="00:00:00.0036634" startTime="2026-08-25T08:37:06.7629421+00:00" endTime="2026-08-25T08:37:06.7629422+00:00" testType="13cdc9d9-ddb5-4fa4-a97d-d965ccfc6d4b" outcome="Passed" testListId="8c84fa94-04c1-424b-9868-57a2d4851a1d" relativeResultsDirectory="b85b3e13-d202-4500-9cc9-f30a3c8edba4" />
    <UnitTestResult executionId="0b9d7220-8b9e-4205-92f7-568f14f8be16" testId="c8555652-6ea2-871e-5dae-5f5301d52d58" testName="Pim.UnitTests.Mobile.MobileUsageAggregationServiceTests.GetOverviewAsync_ReportsHiddenNoiseAndMissingMetadataQualityFlags" computerName="ubuntu-server-100" duration="00:00:00.0887722" startTime="2026-08-25T08:37:06.0008740+00:00" endTime="2026-08-25T08:37:06.0008741+00:00" testType="13cdc9d9-ddb5-4fa4-a97d-d965ccfc6d4b" outcome="Passed" testListId="8c84fa94-04c1-424b-9868-57a2d4851a1d" relativeResultsDirectory="0b9d7220-8b9e-4205-92f7-568f14f8be16" />
    <UnitTestResult executionId="24da17c7-0b6d-4cea-a6bd-93527359794b" testId="abdc4da6-f05a-5785-483d-71dfd5416879" testName="Pim.UnitTests.Mobile.MobileAppClassificationServiceTests.ClassifyAsync_MapsLegacyAndroidNumericCategories(androidCategory: &quot;1&quot;, expectedCategory: &quot;其他&quot;)" computerName="ubuntu-server-100" duration="00:00:00.0014120" startTime="2026-08-25T08:37:06.2354273+00:00" endTime="2026-08-25T08:37:06.2354274+00:00" testType="13cdc9d9-ddb5-4fa4-a97d-d965ccfc6d4b" outcome="Passed" testListId="8c84fa94-04c1-424b-9868-57a2d4851a1d" relativeResultsDirectory="24da17c7-0b6d-4cea-a6bd-93527359794b" />
    <UnitTestResult executionId="75535882-4f57-460a-bd87-26024e31067a" testId="cda27428-a1df-b0f3-5fa2-dc8d9ea26191" testName="Pim.UnitTests.Mobile.MobileUsageAggregationServiceTests.GetHeatmapAndChartsAsync_ReturnReadableChineseBuckets" computerName="ubuntu-server-100" duration="00:00:00.0219745" startTime="2026-08-25T08:37:06.1312010+00:00" endTime="2026-08-25T08:37:06.1312011+00:00" testType="13cdc9d9-ddb5-4fa4-a97d-d965ccfc6d4b" outcome="Passed" testListId="8c84fa94-04c1-424b-9868-57a2d4851a1d" relativeResultsDirectory="75535882-4f57-460a-bd87-26024e31067a" />
    <UnitTestResult executionId="0e7f6ef6-67cb-4f80-9d47-a9986aabdf85" testId="7750ab06-165f-29a9-34c3-6ea5bc972997" testName="Pim.UnitTests.Mobile.MobileUsageIngestServiceTests.IngestAsync_DoesNotPersistAcknowledgementWhenDerivedWorkFails" computerName="ubuntu-server-100" duration="00:00:00.0591569" startTime="2026-08-25T08:37:06.3106699+00:00" endTime="2026-08-25T08:37:06.3106700+00:00" testType="13cdc9d9-ddb5-4fa4-a97d-d965ccfc6d4b" outcome="Passed" testListId="8c84fa94-04c1-424b-9868-57a2d4851a1d" relativeResultsDirectory="0e7f6ef6-67cb-4f80-9d47-a9986aabdf85" />
    <UnitTestResult executionId="bc9d147b-1302-4802-854a-806d11eca09e" testId="5c83c907-a32f-ff4c-619d-6831ce0fb3bf" testName="Pim.UnitTests.Mobile.MobileUsageIngestServiceTests.IngestAsync_LegacyItemsReceiveDeterministicNonEmptyKeys" computerName="ubuntu-server-100" duration="00:00:00.0304724" startTime="2026-08-25T08:37:06.3413008+00:00" endTime="2026-08-25T08:37:06.3413010+00:00" testType="13cdc9d9-ddb5-4fa4-a97d-d965ccfc6d4b" outcome="Passed" testListId="8c84fa94-04c1-424b-9868-57a2d4851a1d" relativeResultsDirectory="bc9d147b-1302-4802-854a-806d11eca09e" />
    <UnitTestResult executionId="79ea3c32-8ade-41fa-80e0-26b69888c903" testId="47390b2d-5d0e-bd10-b15a-388dab19fabd" testName="Pim.UnitTests.Mobile.SimpleDbscanTests.Run_SpreadOutPointsAreAllNoise" computerName="ubuntu-server-100" duration="00:00:00.0048814" startTime="2026-08-25T08:37:04.7691741+00:00" endTime="2026-08-25T08:37:04.7691742+00:00" testType="13cdc9d9-ddb5-4fa4-a97d-d965ccfc6d4b" outcome="Passed" testListId="8c84fa94-04c1-424b-9868-57a2d4851a1d" relativeResultsDirectory="79ea3c32-8ade-41fa-80e0-26b69888c903" />
    <UnitTestResult executionId="1c359a02-245e-4f54-888b-572a65a7f5a3" testId="39a1e4ee-3f8a-8402-43e9-d4fe8f7b6fc9" testName="Pim.UnitTests.Mobile.MobileTimelineBlockServiceTests.GetBlocksAsync_PageNumberPaginatesDescendingAndReturnsTotals" computerName="ubuntu-server-100" duration="00:00:00.0066556" startTime="2026-08-25T08:37:06.5091599+00:00" endTime="2026-08-25T08:37:06.5091600+00:00" testType="13cdc9d9-ddb5-4fa4-a97d-d965ccfc6d4b" outcome="Passed" testListId="8c84fa94-04c1-424b-9868-57a2d4851a1d" relativeResultsDirectory="1c359a02-245e-4f54-888b-572a65a7f5a3" />
    <UnitTestResult executionId="74322586-a903-40ed-9f9c-fef5675188cc" testId="746edc8d-956a-a936-9f1d-0eefba3adaf7" testName="Pim.UnitTests.Mobile.MobileFrequentPlaceServiceTests.PerDaySplitsByLocalCalendarDay" computerName="ubuntu-server-100" duration="00:00:00.2164880" startTime="2026-08-25T08:37:06.1204295+00:00" endTime="2026-08-25T08:37:06.1204297+00:00" testType="13cdc9d9-ddb5-4fa4-a97d-d965ccfc6d4b" outcome="Passed" testListId="8c84fa94-04c1-424b-9868-57a2d4851a1d" relativeResultsDirectory="74322586-a903-40ed-9f9c-fef5675188cc" />
    <UnitTestResult executionId="bf630dd6-8949-4630-ac89-a0a13f5533f3" testId="461930e0-d373-53a9-0d49-ac68434c2d35" testName="Pim.UnitTests.Mobile.MobileLocationQueryServiceTests.Normalize_ClampsPageSizeAndReordersRange" computerName="ubuntu-server-100" duration="00:00:00.0009452" startTime="2026-08-25T08:37:06.1741840+00:00" endTime="2026-08-25T08:37:06.1741841+00:00" testType="13cdc9d9-ddb5-4fa4-a97d-d965ccfc6d4b" outcome="Passed" testListId="8c84fa94-04c1-424b-9868-57a2d4851a1d" relativeResultsDirectory="bf630dd6-8949-4630-ac89-a0a13f5533f3" />
    <UnitTestResult executionId="e57ffdda-781c-4624-891e-8125f31b0d00" testId="62ae3244-8a47-a368-5aac-9df74594b9a4" testName="Pim.UnitTests.Mobile.MobileTimelineBlockServiceTests.Drilldown_ReconstructsBlockSessionsAndReturnsSessionEventsForCurrentUser" computerName="ubuntu-server-100" duration="00:00:00.0471233" startTime="2026-08-25T08:37:06.5560310+00:00" endTime="2026-08-25T08:37:06.5560312+00:00" testType="13cdc9d9-ddb5-4fa4-a97d-d965ccfc6d4b" outcome="Passed" testListId="8c84fa94-04c1-424b-9868-57a2d4851a1d" relativeResultsDirectory="e57ffdda-781c-4624-891e-8125f31b0d00" />
    <UnitTestResult executionId="f819dc81-d7ae-4f04-9387-93022d4af6b1" testId="3bf89f94-a87c-23e7-3644-e233edbc7a85" testName="Pim.UnitTests.Mobile.MobileUsageIngestServiceTests.IngestAsync_ExistingBatchReturnsPersistedAckWithoutDerivedReprocessing" computerName="ubuntu-server-100" duration="00:00:00.1171618" startTime="2026-08-25T08:37:06.5279130+00:00" endTime="2026-08-25T08:37:06.5279132+00:00" testType="13cdc9d9-ddb5-4fa4-a97d-d965ccfc6d4b" outcome="Passed" testListId="8c84fa94-04c1-424b-9868-57a2d4851a1d" relativeResultsDirectory="f819dc81-d7ae-4f04-9387-93022d4af6b1" />
    <UnitTestResult executionId="50bd3636-0088-4c7f-813d-0652f382f285" testId="eb9ea7a4-816d-01e9-a593-2e53db1e5391" testName="Pim.UnitTests.Mobile.MobileUsageIngestServiceTests.IngestAsync_ReturnsOneResultForEveryEntityType" computerName="ubuntu-server-100" duration="00:00:00.0082665" startTime="2026-08-25T08:37:06.3747781+00:00" endTime="2026-08-25T08:37:06.3747782+00:00" testType="13cdc9d9-ddb5-4fa4-a97d-d965ccfc6d4b" outcome="Passed" testListId="8c84fa94-04c1-424b-9868-57a2d4851a1d" relativeResultsDirectory="50bd3636-0088-4c7f-813d-0652f382f285" />
    <UnitTestResult executionId="e051052e-230d-448a-8fba-f8c7d5a6c06a" testId="5f1f269c-bae0-377c-d009-9818c5991bca" testName="Pim.UnitTests.Mobile.MobileFrequentPlaceServiceTests.OutingTotalsNotTruncatedByDetailLimit" computerName="ubuntu-server-100" duration="00:00:00.0615532" startTime="2026-08-25T08:37:06.2561558+00:00" endTime="2026-08-25T08:37:06.2561558+00:00" testType="13cdc9d9-ddb5-4fa4-a97d-d965ccfc6d4b" outcome="Passed" testListId="8c84fa94-04c1-424b-9868-57a2d4851a1d" relativeResultsDirectory="e051052e-230d-448a-8fba-f8c7d5a6c06a" />
    <UnitTestResult executionId="c2a67aec-7313-42ac-b07c-e9be001b2783" testId="eef896ef-9d74-9cc1-b5a8-ffadb70c2dc3" testName="Pim.UnitTests.Mobile.MobileTimelineBlockServiceTests.GetBlocksAsync_ProratesPartiallyOverlappingFallbackSummaries" computerName="ubuntu-server-100" duration="00:00:00.0056528" startTime="2026-08-25T08:37:06.6120996+00:00" endTime="2026-08-25T08:37:06.6120997+00:00" testType="13cdc9d9-ddb5-4fa4-a97d-d965ccfc6d4b" outcome="Passed" testListId="8c84fa94-04c1-424b-9868-57a2d4851a1d" relativeResultsDirectory="c2a67aec-7313-42ac-b07c-e9be001b2783" />
    <UnitTestResult executionId="d1994e99-e9f6-4b19-84c4-a5734c4b57ba" testId="3430b2cc-ab05-61b7-68eb-ffba1d6e3111" testName="Pim.UnitTests.Mobile.MobileLocationServiceTests.GetHistoryAsync_ExcludesRejectedAndNonStrictAccuracyPoints" computerName="ubuntu-server-100" duration="00:00:00.0271545" startTime="2026-08-25T08:37:06.3105950+00:00" endTime="2026-08-25T08:37:06.3105951+00:00" testType="13cdc9d9-ddb5-4fa4-a97d-d965ccfc6d4b" outcome="Passed" testListId="8c84fa94-04c1-424b-9868-57a2d4851a1d" relativeResultsDirectory="d1994e99-e9f6-4b19-84c4-a5734c4b57ba" />
    <UnitTestResult executionId="0c9f1ac4-69d4-48b4-b3b3-67e2bdd91991" testId="d5a87282-a150-2611-fd6b-107dd582128a" testName="Pim.UnitTests.Mobile.MobileAppClassificationServiceTests.ClassifyAsync_MapsLegacyAndroidNumericCategories(androidCategory: &quot;4&quot;, expectedCategory: &quot;聊天&quot;)" computerName="ubuntu-server-100" duration="00:00:00.0623222" startTime="2026-08-25T08:37:06.2286052+00:00" endTime="2026-08-25T08:37:06.2286053+00:00" testType="13cdc9d9-ddb5-4fa4-a97d-d965ccfc6d4b" outcome="Passed" testListId="8c84fa94-04c1-424b-9868-57a2d4851a1d" relativeResultsDirectory="0c9f1ac4-69d4-48b4-b3b3-67e2bdd91991" />
    <UnitTestResult executionId="859be3d2-f870-4cbb-a86e-7b4587501852" testId="cee9e80f-775d-1dec-e127-39d58a53e7cf" testName="Pim.UnitTests.Mobile.MobileWebContractTests.LocationHistoryResponse_SerializesPointsWrapperExpectedByWeb" computerName="ubuntu-server-100" duration="00:00:00.0104210" startTime="2026-08-25T08:37:06.8679814+00:00" endTime="2026-08-25T08:37:06.8679815+00:00" testType="13cdc9d9-ddb5-4fa4-a97d-d965ccfc6d4b" outcome="Passed" testListId="8c84fa94-04c1-424b-9868-57a2d4851a1d" relativeResultsDirectory="859be3d2-f870-4cbb-a86e-7b4587501852" />
    <UnitTestResult executionId="a7f4e6fc-e8cb-49c8-bfeb-7e307e4eec09" testId="6db254fa-ee09-6254-ddf0-7437b93493a8" testName="Pim.UnitTests.Mobile.MobileAnalyticsQueryServiceTests.Normalize_DefaultsToLastSevenBeijingDays" computerName="ubuntu-server-100" duration="00:00:00.0008472" startTime="2026-08-25T08:37:06.1362769+00:00" endTime="2026-08-25T08:37:06.1362770+00:00" testType="13cdc9d9-ddb5-4fa4-a97d-d965ccfc6d4b" outcome="Passed" testListId="8c84fa94-04c1-424b-9868-57a2d4851a1d" relativeResultsDirectory="a7f4e6fc-e8cb-49c8-bfeb-7e307e4eec09" />
    <UnitTestResult executionId="427e38ad-1e6a-4b4b-bfa7-3def56dd15a6" testId="4817f67f-3bd8-0aa5-14e5-23859c7a19a2" testName="Pim.UnitTests.Mobile.MobileLocationServiceTests.SubmitAsync_AcceptsAccuracyUnderFiftyMetersAsUsable" computerName="ubuntu-server-100" duration="00:00:00.0169177" startTime="2026-08-25T08:37:06.2834980+00:00" endTime="2026-08-25T08:37:06.2834981+00:00" testType="13cdc9d9-ddb5-4fa4-a97d-d965ccfc6d4b" outcome="Passed" testListId="8c84fa94-04c1-424b-9868-57a2d4851a1d" relativeResultsDirectory="427e38ad-1e6a-4b4b-bfa7-3def56dd15a6" />
    <UnitTestResult executionId="81171225-c775-4208-88b7-5907d0009135" testId="d378bf12-e959-0083-1d33-6211d8abdfbb" testName="Pim.UnitTests.Mobile.MobileAppClassificationServiceTests.ClassifyAsync_UserRulesApplyExactPrefixThenKeyword" computerName="ubuntu-server-100" duration="00:00:00.0678585" startTime="2026-08-25T08:37:06.3222092+00:00" endTime="2026-08-25T08:37:06.3222093+00:00" testType="13cdc9d9-ddb5-4fa4-a97d-d965ccfc6d4b" outcome="Passed" testListId="8c84fa94-04c1-424b-9868-57a2d4851a1d" relativeResultsDirectory="81171225-c775-4208-88b7-5907d0009135" />
    <UnitTestResult executionId="70a96b68-f82f-4448-b80c-dfce822595aa" testId="5c200f9a-cfc2-db82-6ee0-624b319187cc" testName="Pim.UnitTests.Mobile.MobileUsageIngestServiceTests.IngestAsync_SkipsDuplicateEventsWithNullClassName" computerName="ubuntu-server-100" duration="00:00:00.0371266" startTime="2026-08-25T08:37:06.2521569+00:00" endTime="2026-08-25T08:37:06.2521570+00:00" testType="13cdc9d9-ddb5-4fa4-a97d-d965ccfc6d4b" outcome="Passed" testListId="8c84fa94-04c1-424b-9868-57a2d4851a1d" relativeResultsDirectory="70a96b68-f82f-4448-b80c-dfce822595aa" />
    <UnitTestResult executionId="ab9d523b-f12a-44f3-be55-51f8f4eedc63" testId="7bbbef0f-29fd-67a2-ff13-3fe29d60d469" testName="Pim.UnitTests.Mobile.MobileLocationServiceTests.SubmitAsync_RejectsInvalidCoordinates" computerName="ubuntu-server-100" duration="00:00:00.0015050" startTime="2026-08-25T08:37:06.2662598+00:00" endTime="2026-08-25T08:37:06.2662599+00:00" testType="13cdc9d9-ddb5-4fa4-a97d-d965ccfc6d4b" outcome="Passed" testListId="8c84fa94-04c1-424b-9868-57a2d4851a1d" relativeResultsDirectory="ab9d523b-f12a-44f3-be55-51f8f4eedc63" />
    <UnitTestResult executionId="cf05d783-8b47-48bf-960f-7d8c2b1b6621" testId="0092e8fb-7134-629f-f90e-38f017befbdd" testName="Pim.UnitTests.Mobile.MobileModelTests.MobileModel_DefinesRequiredUniqueIndexes" computerName="ubuntu-server-100" duration="00:00:00.0067652" startTime="2026-08-25T08:37:06.8296981+00:00" endTime="2026-08-25T08:37:06.8296982+00:00" testType="13cdc9d9-ddb5-4fa4-a97d-d965ccfc6d4b" outcome="Passed" testListId="8c84fa94-04c1-424b-9868-57a2d4851a1d" relativeResultsDirectory="cf05d783-8b47-48bf-960f-7d8c2b1b6621" />
    <UnitTestResult executionId="7682942c-fc54-43ad-83fb-c009700bb6d4" testId="60a6cbb9-f782-ddf4-3716-b4182d26d8a7" testName="Pim.UnitTests.Mobile.MobileWebContractTests.LocationAnalyticsOverviewResponse_SerializesWorkbenchFieldsExpectedByWeb" computerName="ubuntu-server-100" duration="00:00:00.0053462" startTime="2026-08-25T08:37:06.8754702+00:00" endTime="2026-08-25T08:37:06.8754703+00:00" testType="13cdc9d9-ddb5-4fa4-a97d-d965ccfc6d4b" outcome="Passed" testListId="8c84fa94-04c1-424b-9868-57a2d4851a1d" relativeResultsDirectory="7682942c-fc54-43ad-83fb-c009700bb6d4" />
    <UnitTestResult executionId="6ac1b5a2-3009-4270-93f6-3520c35504ce" testId="c1ee9d25-8c8d-2827-d2c1-42f898c75bc5" testName="Pim.UnitTests.Mobile.MobileLocationAggregationServiceTests.GetOverviewAsync_DoesNotReportLargeGapAcrossDifferentDevices" computerName="ubuntu-server-100" duration="00:00:00.0028643" startTime="2026-08-25T08:37:06.7505852+00:00" endTime="2026-08-25T08:37:06.7505853+00:00" testType="13cdc9d9-ddb5-4fa4-a97d-d965ccfc6d4b" outcome="Passed" testListId="8c84fa94-04c1-424b-9868-57a2d4851a1d" relativeResultsDirectory="6ac1b5a2-3009-4270-93f6-3520c35504ce" />
    <UnitTestResult executionId="429642dd-3f41-4846-af94-c092ac98d664" testId="cd94f370-ed14-4cb2-05ea-1cc4dfb2f298" testName="Pim.UnitTests.Mobile.MobileUsageAggregationServiceTests.GetHeatmapAsync_DistributesFallbackSummaryAcrossHourlyBuckets" computerName="ubuntu-server-100" duration="00:00:01.1899947" startTime="2026-08-25T08:37:05.9121263+00:00" endTime="2026-08-25T08:37:05.9121264+00:00" testType="13cdc9d9-ddb5-4fa4-a97d-d965ccfc6d4b" outcome="Passed" testListId="8c84fa94-04c1-424b-9868-57a2d4851a1d" relativeResultsDirectory="429642dd-3f41-4846-af94-c092ac98d664" />
    <UnitTestResult executionId="c264d902-554d-4d16-9923-4e5d10c23a1b" testId="9d45629f-612e-2108-1116-4c8fdae2440a" testName="Pim.UnitTests.Mobile.MobileUsageIngestServiceTests.IngestAsync_RejectsInvalidItemWithStableCode" computerName="ubuntu-server-100" duration="00:00:00.0059411" startTime="2026-08-25T08:37:06.4121887+00:00" endTime="2026-08-25T08:37:06.4121888+00:00" testType="13cdc9d9-ddb5-4fa4-a97d-d965ccfc6d4b" outcome="Passed" testListId="8c84fa94-04c1-424b-9868-57a2d4851a1d" relativeResultsDirectory="c264d902-554d-4d16-9923-4e5d10c23a1b" />
    <UnitTestResult executionId="3f21d972-0294-443d-ab95-11a168c46e1f" testId="fe6fb3d9-800a-f4ad-2150-8317d8dc47e3" testName="Pim.UnitTests.Mobile.MobileModuleProjectReferenceTests.Solution_IncludesMobileModule" computerName="ubuntu-server-100" duration="00:00:00.0133241" startTime="2026-08-25T08:37:06.2201644+00:00" endTime="2026-08-25T08:37:06.2201645+00:00" testType="13cdc9d9-ddb5-4fa4-a97d-d965ccfc6d4b" outcome="Passed" testListId="8c84fa94-04c1-424b-9868-57a2d4851a1d" relativeResultsDirectory="3f21d972-0294-443d-ab95-11a168c46e1f" />
    <UnitTestResult executionId="8b41d30b-99e3-49a8-836a-eebb073a63af" testId="d0ff82aa-1900-9fab-5f4b-9646e5c7be4d" testName="Pim.UnitTests.Mobile.MobileUsageIngestServiceTests.IngestAsync_ExecutionStrategyRetryRechecksPersistedBatch" computerName="ubuntu-server-100" duration="00:00:00.4275618" startTime="2026-08-25T08:37:07.0204614+00:00" endTime="2026-08-25T08:37:07.0204617+00:00" testType="13cdc9d9-ddb5-4fa4-a97d-d965ccfc6d4b" outcome="Passed" testListId="8c84fa94-04c1-424b-9868-57a2d4851a1d" relativeResultsDirectory="8b41d30b-99e3-49a8-836a-eebb073a63af" />
    <UnitTestResult executionId="12122cab-00da-424c-8e30-2cf77ae003e2" testId="5478ed41-deb8-4832-1167-0fed1b2bb6b9" testName="Pim.UnitTests.Mobile.MobileFrequentPlaceServiceTests.MovementStats_CountsOutingWhenLeavingHomeBeyondRadius" computerName="ubuntu-server-100" duration="00:00:00.0066710" startTime="2026-08-25T08:37:06.2911660+00:00" endTime="2026-08-25T08:37:06.2911662+00:00" testType="13cdc9d9-ddb5-4fa4-a97d-d965ccfc6d4b" outcome="Passed" testListId="8c84fa94-04c1-424b-9868-57a2d4851a1d" relativeResultsDirectory="12122cab-00da-424c-8e30-2cf77ae003e2" />
    <UnitTestResult executionId="781b5647-7245-4827-8265-fda8274fb81f" testId="2fd9d035-1d2a-6363-75b3-8e15d40d5dea" testName="Pim.UnitTests.Mobile.MobileFrequentPlaceServiceTests.VisitDayCountCountsDistinctLocalDates" computerName="ubuntu-server-100" duration="00:00:00.0041522" startTime="2026-08-25T08:37:06.1342257+00:00" endTime="2026-08-25T08:37:06.1342258+00:00" testType="13cdc9d9-ddb5-4fa4-a97d-d965ccfc6d4b" outcome="Passed" testListId="8c84fa94-04c1-424b-9868-57a2d4851a1d" relativeResultsDirectory="781b5647-7245-4827-8265-fda8274fb81f" />
    <UnitTestResult executionId="d48524d3-d733-4227-b2ca-eee86a8b8283" testId="fa765588-4076-b51d-f534-62a5a3224b75" testName="Pim.UnitTests.Mobile.MobileUsageIngestServiceTests.IngestAsync_LegacyBatchDoesNotFabricateItemResults" computerName="ubuntu-server-100" duration="00:00:00.0026007" startTime="2026-08-25T08:37:06.4022218+00:00" endTime="2026-08-25T08:37:06.4022219+00:00" testType="13cdc9d9-ddb5-4fa4-a97d-d965ccfc6d4b" outcome="Passed" testListId="8c84fa94-04c1-424b-9868-57a2d4851a1d" relativeResultsDirectory="d48524d3-d733-4227-b2ca-eee86a8b8283" />
    <UnitTestResult executionId="897d4249-5ad5-4dbc-8ed7-49f198f4b014" testId="e2bb6eec-7eb9-96ed-ee38-3bb3d69b30e3" testName="Pim.UnitTests.Mobile.MobileAppClassificationServiceTests.ClassifyAsync_MarksSystemNoisePackages(packageName: &quot;com.android.systemui&quot;, androidCategory: null)" computerName="ubuntu-server-100" duration="00:00:00.0024735" startTime="2026-08-25T08:37:06.2428922+00:00" endTime="2026-08-25T08:37:06.2428923+00:00" testType="13cdc9d9-ddb5-4fa4-a97d-d965ccfc6d4b" outcome="Passed" testListId="8c84fa94-04c1-424b-9868-57a2d4851a1d" relativeResultsDirectory="897d4249-5ad5-4dbc-8ed7-49f198f4b014" />
    <UnitTestResult executionId="ae6309ca-eddc-4bbe-8d80-2c652e060b55" testId="9c46f324-7f0c-7206-ca11-ceb589698327" testName="Pim.UnitTests.Mobile.MobileLocationAggregationServiceTests.GetTracksAsync_UniformWalkingPointsFormSingleMoveSegment" computerName="ubuntu-server-100" duration="00:00:00.0030662" startTime="2026-08-25T08:37:06.7540439+00:00" endTime="2026-08-25T08:37:06.7540440+00:00" testType="13cdc9d9-ddb5-4fa4-a97d-d965ccfc6d4b" outcome="Passed" testListId="8c84fa94-04c1-424b-9868-57a2d4851a1d" relativeResultsDirectory="ae6309ca-eddc-4bbe-8d80-2c652e060b55" />
    <UnitTestResult executionId="18308a36-5f42-4c05-91d8-22911e800399" testId="3b00f84d-6018-52a9-2da7-3a96ffb03f51" testName="Pim.UnitTests.Mobile.MobileLocationAggregationServiceTests.GetTracksAsync_AutoManualDuplicatePointsDoNotBreakSegmentation" computerName="ubuntu-server-100" duration="00:00:00.0049961" startTime="2026-08-25T08:37:06.8041310+00:00" endTime="2026-08-25T08:37:06.8041311+00:00" testType="13cdc9d9-ddb5-4fa4-a97d-d965ccfc6d4b" outcome="Passed" testListId="8c84fa94-04c1-424b-9868-57a2d4851a1d" relativeResultsDirectory="18308a36-5f42-4c05-91d8-22911e800399" />
    <UnitTestResult executionId="49ac3d43-5949-4df4-8062-e4e92f5583b0" testId="23724b1d-89f9-57e7-d87a-cef90eb590c1" testName="Pim.UnitTests.Mobile.MobileFrequentPlaceServiceTests.SpeedPeakPrefersPointSpeedField" computerName="ubuntu-server-100" duration="00:00:00.0206769" startTime="2026-08-25T08:37:06.1859661+00:00" endTime="2026-08-25T08:37:06.1859663+00:00" testType="13cdc9d9-ddb5-4fa4-a97d-d965ccfc6d4b" outcome="Passed" testListId="8c84fa94-04c1-424b-9868-57a2d4851a1d" relativeResultsDirectory="49ac3d43-5949-4df4-8062-e4e92f5583b0" />
    <UnitTestResult executionId="3b4373c2-3dea-4716-80e5-c72fb436dca7" testId="42007fd8-7b9d-229f-d697-4e0d95a7f00e" testName="Pim.UnitTests.Mobile.MobileUsageQueryServiceTests.GetSummaryAsync_InterpretsVersionedBatchErrorsWithoutMisreportingSuccess" computerName="ubuntu-server-100" duration="00:00:00.0052018" startTime="2026-08-25T08:37:07.3514513+00:00" endTime="2026-08-25T08:37:07.3514515+00:00" testType="13cdc9d9-ddb5-4fa4-a97d-d965ccfc6d4b" outcome="Passed" testListId="8c84fa94-04c1-424b-9868-57a2d4851a1d" relativeResultsDirectory="3b4373c2-3dea-4716-80e5-c72fb436dca7" />
    <UnitTestResult executionId="83449c59-9a76-41fd-b321-d4c44e7bdf1d" testId="eab485d5-a710-d093-1937-6544daba90cc" testName="Pim.UnitTests.Mobile.MobileModuleProjectReferenceTests.ApiProject_ReferencesMobileModule" computerName="ubuntu-server-100" duration="00:00:00.0005680" startTime="2026-08-25T08:37:06.2293250+00:00" endTime="2026-08-25T08:37:06.2293250+00:00" testType="13cdc9d9-ddb5-4fa4-a97d-d965ccfc6d4b" outcome="Passed" testListId="8c84fa94-04c1-424b-9868-57a2d4851a1d" relativeResultsDirectory="83449c59-9a76-41fd-b321-d4c44e7bdf1d" />
    <UnitTestResult executionId="bef4cc29-1021-4adf-b80c-3ff0f7ac0ab2" testId="b7974c5e-e5fb-47d7-f10e-d1beb84c91d6" testName="Pim.UnitTests.Mobile.MobileAnalyticsQueryServiceTests.Normalize_ClampsPageSizeAndKeepsFilters" computerName="ubuntu-server-100" duration="00:00:00.0011507" startTime="2026-08-25T08:37:06.1350214+00:00" endTime="2026-08-25T08:37:06.1350215+00:00" testType="13cdc9d9-ddb5-4fa4-a97d-d965ccfc6d4b" outcome="Passed" testListId="8c84fa94-04c1-424b-9868-57a2d4851a1d" relativeResultsDirectory="bef4cc29-1021-4adf-b80c-3ff0f7ac0ab2" />
    <UnitTestResult executionId="2895647a-5d83-4570-9a4b-5bb6269b693a" testId="7cc8463c-d011-a30b-61ff-651307465b9a" testName="Pim.UnitTests.Mobile.MobileQualityServiceTests.GetQualityAsync_ReturnsStableComponentKeys" computerName="ubuntu-server-100" duration="00:00:00.9380971" startTime="2026-08-25T08:37:05.7198716+00:00" endTime="2026-08-25T08:37:05.7198717+00:00" testType="13cdc9d9-ddb5-4fa4-a97d-d965ccfc6d4b" outcome="Passed" testListId="8c84fa94-04c1-424b-9868-57a2d4851a1d" relativeResultsDirectory="2895647a-5d83-4570-9a4b-5bb6269b693a" />
    <UnitTestResult executionId="0bf478e2-4297-4a75-8b38-ce3f88c45564" testId="f0003a25-2b3c-5d91-0a21-4807b3e0db50" testName="Pim.UnitTests.Mobile.MobileLocationAggregationServiceTests.GetTracksAsync_SplitsLongGapsAndReturnsMoveSegments" computerName="ubuntu-server-100" duration="00:00:00.0030703" startTime="2026-08-25T08:37:06.8157564+00:00" endTime="2026-08-25T08:37:06.8157565+00:00" testType="13cdc9d9-ddb5-4fa4-a97d-d965ccfc6d4b" outcome="Passed" testListId="8c84fa94-04c1-424b-9868-57a2d4851a1d" relativeResultsDirectory="0bf478e2-4297-4a75-8b38-ce3f88c45564" />
    <UnitTestResult executionId="fe6a843f-6e44-4c3b-9205-3ae67974132d" testId="f56f0b03-1479-e9fa-2813-551afbaa8f65" testName="Pim.UnitTests.Mobile.MobileGapServiceTests.GetGapsAsync_ReturnsOnlyMissingFallbackOrCurrentTailWindows" computerName="ubuntu-server-100" duration="00:00:00.0050173" startTime="2026-08-25T08:37:06.7137445+00:00" endTime="2026-08-25T08:37:06.7137446+00:00" testType="13cdc9d9-ddb5-4fa4-a97d-d965ccfc6d4b" outcome="Passed" testListId="8c84fa94-04c1-424b-9868-57a2d4851a1d" relativeResultsDirectory="fe6a843f-6e44-4c3b-9205-3ae67974132d" />
    <UnitTestResult executionId="716529eb-0222-4a2e-a42b-fede8118eafe" testId="11515f2d-d472-c847-67e8-0835fcb62805" testName="Pim.UnitTests.Mobile.MobileAnalyticsContractTests.OverviewResponse_SerializesQualityGoalAnomalyAndSuggestionState" computerName="ubuntu-server-100" duration="00:00:00.0211447" startTime="2026-08-25T08:37:06.6629668+00:00" endTime="2026-08-25T08:37:06.6629670+00:00" testType="13cdc9d9-ddb5-4fa4-a97d-d965ccfc6d4b" outcome="Passed" testListId="8c84fa94-04c1-424b-9868-57a2d4851a1d" relativeResultsDirectory="716529eb-0222-4a2e-a42b-fede8118eafe" />
    <UnitTestResult executionId="c4dfaef9-0d8d-47d9-9612-908c71f59269" testId="43a21449-e17f-e03b-0d81-201b2f1fe80d" testName="Pim.UnitTests.Mobile.MobileFrequentPlaceServiceTests.OutingGapUnder10MinMerged" computerName="ubuntu-server-100" duration="00:00:00.0058641" startTime="2026-08-25T08:37:06.2661655+00:00" endTime="2026-08-25T08:37:06.2661656+00:00" testType="13cdc9d9-ddb5-4fa4-a97d-d965ccfc6d4b" outcome="Passed" testListId="8c84fa94-04c1-424b-9868-57a2d4851a1d" relativeResultsDirectory="c4dfaef9-0d8d-47d9-9612-908c71f59269" />
  </Results>
  <TestDefinitions>
    <UnitTest name="Pim.UnitTests.Mobile.MobileQualityServiceTests.GetQualityAsync_IgnoresHeartbeatsFromOtherUsersDevices" storage="/workspace/pim-wt/pim-full-fix/tests/pim.unittests/bin/debug/net8.0/pim.unittests.dll" id="9d5c1cbf-8f1e-e065-3ff6-9c879535e81a">
      <Execution id="843396d0-f62d-4623-9eea-2c75c4aa9a51" />
      <TestMethod codeBase="/workspace/pim-wt/pim-full-fix/tests/Pim.UnitTests/bin/Debug/net8.0/Pim.UnitTests.dll" adapterTypeName="executor://xunit/VsTestRunner2/netcoreapp" className="Pim.UnitTests.Mobile.MobileQualityServiceTests" name="GetQualityAsync_IgnoresHeartbeatsFromOtherUsersDevices" />
    </UnitTest>
    <UnitTest name="Pim.UnitTests.Mobile.MobileUsageQueryServiceTests.GetSummaryAsync_InterpretsVersionedBatchErrorsWithoutMisreportingSuccess" storage="/workspace/pim-wt/pim-full-fix/tests/pim.unittests/bin/debug/net8.0/pim.unittests.dll" id="42007fd8-7b9d-229f-d697-4e0d95a7f00e">
      <Execution id="3b4373c2-3dea-4716-80e5-c72fb436dca7" />
      <TestMethod codeBase="/workspace/pim-wt/pim-full-fix/tests/Pim.UnitTests/bin/Debug/net8.0/Pim.UnitTests.dll" adapterTypeName="executor://xunit/VsTestRunner2/netcoreapp" className="Pim.UnitTests.Mobile.MobileUsageQueryServiceTests" name="GetSummaryAsync_InterpretsVersionedBatchErrorsWithoutMisreportingSuccess" />
    </UnitTest>
    <UnitTest name="Pim.UnitTests.Mobile.MobileUsageIngestServiceTests.IngestAsync_DoesNotPersistAcknowledgementWhenDerivedWorkFails" storage="/workspace/pim-wt/pim-full-fix/tests/pim.unittests/bin/debug/net8.0/pim.unittests.dll" id="7750ab06-165f-29a9-34c3-6ea5bc972997">
      <Execution id="0e7f6ef6-67cb-4f80-9d47-a9986aabdf85" />
      <TestMethod codeBase="/workspace/pim-wt/pim-full-fix/tests/Pim.UnitTests/bin/Debug/net8.0/Pim.UnitTests.dll" adapterTypeName="executor://xunit/VsTestRunner2/netcoreapp" className="Pim.UnitTests.Mobile.MobileUsageIngestServiceTests" name="IngestAsync_DoesNotPersistAcknowledgementWhenDerivedWorkFails" />
    </UnitTest>
    <UnitTest name="Pim.UnitTests.Mobile.MobileGapServiceTests.GetGapsAsync_TreatsCompletedEmptyBatchAsCovered" storage="/workspace/pim-wt/pim-full-fix/tests/pim.unittests/bin/debug/net8.0/pim.unittests.dll" id="48bb1fbc-c864-e5eb-f9b7-9b14a506a434">
      <Execution id="2a805b4f-a27b-4372-99da-2211cfcd2f04" />
      <TestMethod codeBase="/workspace/pim-wt/pim-full-fix/tests/Pim.UnitTests/bin/Debug/net8.0/Pim.UnitTests.dll" adapterTypeName="executor://xunit/VsTestRunner2/netcoreapp" className="Pim.UnitTests.Mobile.MobileGapServiceTests" name="GetGapsAsync_TreatsCompletedEmptyBatchAsCovered" />
    </UnitTest>
    <UnitTest name="Pim.UnitTests.Mobile.MobileModelTests.MobileModel_DefinesRequiredUniqueIndexes" storage="/workspace/pim-wt/pim-full-fix/tests/pim.unittests/bin/debug/net8.0/pim.unittests.dll" id="0092e8fb-7134-629f-f90e-38f017befbdd">
      <Execution id="cf05d783-8b47-48bf-960f-7d8c2b1b6621" />
      <TestMethod codeBase="/workspace/pim-wt/pim-full-fix/tests/Pim.UnitTests/bin/Debug/net8.0/Pim.UnitTests.dll" adapterTypeName="executor://xunit/VsTestRunner2/netcoreapp" className="Pim.UnitTests.Mobile.MobileModelTests" name="MobileModel_DefinesRequiredUniqueIndexes" />
    </UnitTest>
    <UnitTest name="Pim.UnitTests.Mobile.MobileUsageGoalServiceTests.SaveAsync_StoresUserGlobalDailyGoalAndListAsyncReturnsIt" storage="/workspace/pim-wt/pim-full-fix/tests/pim.unittests/bin/debug/net8.0/pim.unittests.dll" id="c10b6cd4-444d-fc76-c83c-50fab8b53116">
      <Execution id="f8137b57-bd18-4fa1-a9c8-a5094030664c" />
      <TestMethod codeBase="/workspace/pim-wt/pim-full-fix/tests/Pim.UnitTests/bin/Debug/net8.0/Pim.UnitTests.dll" adapterTypeName="executor://xunit/VsTestRunner2/netcoreapp" className="Pim.UnitTests.Mobile.MobileUsageGoalServiceTests" name="SaveAsync_StoresUserGlobalDailyGoalAndListAsyncReturnsIt" />
    </UnitTest>
    <UnitTest name="Pim.UnitTests.Mobile.MobileAppClassificationServiceTests.ClassifyAsync_MarksSystemNoisePackages(packageName: &quot;com.google.android.inputmethod.latin&quot;, androidCategory: null)" storage="/workspace/pim-wt/pim-full-fix/tests/pim.unittests/bin/debug/net8.0/pim.unittests.dll" id="b94fc773-ae03-9c91-4e95-b14b0f159e25">
      <Execution id="956143ce-7f07-426d-b16d-91bec1f86620" />
      <TestMethod codeBase="/workspace/pim-wt/pim-full-fix/tests/Pim.UnitTests/bin/Debug/net8.0/Pim.UnitTests.dll" adapterTypeName="executor://xunit/VsTestRunner2/netcoreapp" className="Pim.UnitTests.Mobile.MobileAppClassificationServiceTests" name="ClassifyAsync_MarksSystemNoisePackages" />
    </UnitTest>
    <UnitTest name="Pim.UnitTests.Mobile.MobileModuleProjectReferenceTests.ApiProject_ReferencesMobileModule" storage="/workspace/pim-wt/pim-full-fix/tests/pim.unittests/bin/debug/net8.0/pim.unittests.dll" id="eab485d5-a710-d093-1937-6544daba90cc">
      <Execution id="83449c59-9a76-41fd-b321-d4c44e7bdf1d" />
      <TestMethod codeBase="/workspace/pim-wt/pim-full-fix/tests/Pim.UnitTests/bin/Debug/net8.0/Pim.UnitTests.dll" adapterTypeName="executor://xunit/VsTestRunner2/netcoreapp" className="Pim.UnitTests.Mobile.MobileModuleProjectReferenceTests" name="ApiProject_ReferencesMobileModule" />
    </UnitTest>
    <UnitTest name="Pim.UnitTests.Mobile.MobileAppCatalogOverrideServiceTests.DeleteAndClearOverrides_RemoveOnlyCurrentUserOverrides" storage="/workspace/pim-wt/pim-full-fix/tests/pim.unittests/bin/debug/net8.0/pim.unittests.dll" id="6d0f990e-c34c-3d42-b97d-db9b28cd146d">
      <Execution id="269846fa-d3cd-4490-a100-f3b4e5da8a39" />
      <TestMethod codeBase="/workspace/pim-wt/pim-full-fix/tests/Pim.UnitTests/bin/Debug/net8.0/Pim.UnitTests.dll" adapterTypeName="executor://xunit/VsTestRunner2/netcoreapp" className="Pim.UnitTests.Mobile.MobileAppCatalogOverrideServiceTests" name="DeleteAndClearOverrides_RemoveOnlyCurrentUserOverrides" />
    </UnitTest>
    <UnitTest name="Pim.UnitTests.Mobile.MobileUsageIngestServiceTests.IngestAsync_SkipsDuplicateEventsWithNullClassName" storage="/workspace/pim-wt/pim-full-fix/tests/pim.unittests/bin/debug/net8.0/pim.unittests.dll" id="5c200f9a-cfc2-db82-6ee0-624b319187cc">
      <Execution id="70a96b68-f82f-4448-b80c-dfce822595aa" />
      <TestMethod codeBase="/workspace/pim-wt/pim-full-fix/tests/Pim.UnitTests/bin/Debug/net8.0/Pim.UnitTests.dll" adapterTypeName="executor://xunit/VsTestRunner2/netcoreapp" className="Pim.UnitTests.Mobile.MobileUsageIngestServiceTests" name="IngestAsync_SkipsDuplicateEventsWithNullClassName" />
    </UnitTest>
    <UnitTest name="Pim.UnitTests.Mobile.MobileTimelineBlockServiceTests.GetBlocksAsync_AppliesPackageCategorySourceAndNoiseOptions" storage="/workspace/pim-wt/pim-full-fix/tests/pim.unittests/bin/debug/net8.0/pim.unittests.dll" id="7389ff40-583a-f862-2ca1-29c33cbd0c85">
      <Execution id="a17a8f5e-b2fb-44dd-9920-4bef10d44418" />
      <TestMethod codeBase="/workspace/pim-wt/pim-full-fix/tests/Pim.UnitTests/bin/Debug/net8.0/Pim.UnitTests.dll" adapterTypeName="executor://xunit/VsTestRunner2/netcoreapp" className="Pim.UnitTests.Mobile.MobileTimelineBlockServiceTests" name="GetBlocksAsync_AppliesPackageCategorySourceAndNoiseOptions" />
    </UnitTest>
    <UnitTest name="Pim.UnitTests.Mobile.MobileQualityServiceTests.GetQualityAsync_ReturnsStableComponentKeys" storage="/workspace/pim-wt/pim-full-fix/tests/pim.unittests/bin/debug/net8.0/pim.unittests.dll" id="7cc8463c-d011-a30b-61ff-651307465b9a">
      <Execution id="2895647a-5d83-4570-9a4b-5bb6269b693a" />
      <TestMethod codeBase="/workspace/pim-wt/pim-full-fix/tests/Pim.UnitTests/bin/Debug/net8.0/Pim.UnitTests.dll" adapterTypeName="executor://xunit/VsTestRunner2/netcoreapp" className="Pim.UnitTests.Mobile.MobileQualityServiceTests" name="GetQualityAsync_ReturnsStableComponentKeys" />
    </UnitTest>
    <UnitTest name="Pim.UnitTests.Mobile.MobileAppCatalogOverrideServiceTests.CategoryRuleCrud_ListsCreatesUpdatesAndDeletesRules" storage="/workspace/pim-wt/pim-full-fix/tests/pim.unittests/bin/debug/net8.0/pim.unittests.dll" id="960fbe7b-358a-35b7-5aa2-d9c173baa986">
      <Execution id="62dc7673-1b4a-49c0-a594-ae5b11f49ccf" />
      <TestMethod codeBase="/workspace/pim-wt/pim-full-fix/tests/Pim.UnitTests/bin/Debug/net8.0/Pim.UnitTests.dll" adapterTypeName="executor://xunit/VsTestRunner2/netcoreapp" className="Pim.UnitTests.Mobile.MobileAppCatalogOverrideServiceTests" name="CategoryRuleCrud_ListsCreatesUpdatesAndDeletesRules" />
    </UnitTest>
    <UnitTest name="Pim.UnitTests.Mobile.MobileLocationServiceTests.SubmitAsync_AcceptsAccuracyUnderFiftyMetersAsUsable" storage="/workspace/pim-wt/pim-full-fix/tests/pim.unittests/bin/debug/net8.0/pim.unittests.dll" id="4817f67f-3bd8-0aa5-14e5-23859c7a19a2">
      <Execution id="427e38ad-1e6a-4b4b-bfa7-3def56dd15a6" />
      <TestMethod codeBase="/workspace/pim-wt/pim-full-fix/tests/Pim.UnitTests/bin/Debug/net8.0/Pim.UnitTests.dll" adapterTypeName="executor://xunit/VsTestRunner2/netcoreapp" className="Pim.UnitTests.Mobile.MobileLocationServiceTests" name="SubmitAsync_AcceptsAccuracyUnderFiftyMetersAsUsable" />
    </UnitTest>
    <UnitTest name="Pim.UnitTests.Mobile.MobileWebContractTests.LocationAnalyticsOverviewResponse_SerializesWorkbenchFieldsExpectedByWeb" storage="/workspace/pim-wt/pim-full-fix/tests/pim.unittests/bin/debug/net8.0/pim.unittests.dll" id="60a6cbb9-f782-ddf4-3716-b4182d26d8a7">
      <Execution id="7682942c-fc54-43ad-83fb-c009700bb6d4" />
      <TestMethod codeBase="/workspace/pim-wt/pim-full-fix/tests/Pim.UnitTests/bin/Debug/net8.0/Pim.UnitTests.dll" adapterTypeName="executor://xunit/VsTestRunner2/netcoreapp" className="Pim.UnitTests.Mobile.MobileWebContractTests" name="LocationAnalyticsOverviewResponse_SerializesWorkbenchFieldsExpectedByWeb" />
    </UnitTest>
    <UnitTest name="Pim.UnitTests.Mobile.MobileWebContractTests.IngestResponse_SerializesItemAcknowledgementsExpectedByMobileClients" storage="/workspace/pim-wt/pim-full-fix/tests/pim.unittests/bin/debug/net8.0/pim.unittests.dll" id="8e51d2ac-92bc-cede-b3f2-fbc47e48e063">
      <Execution id="aa3d770c-db25-432e-ba1f-cac4bb273750" />
      <TestMethod codeBase="/workspace/pim-wt/pim-full-fix/tests/Pim.UnitTests/bin/Debug/net8.0/Pim.UnitTests.dll" adapterTypeName="executor://xunit/VsTestRunner2/netcoreapp" className="Pim.UnitTests.Mobile.MobileWebContractTests" name="IngestResponse_SerializesItemAcknowledgementsExpectedByMobileClients" />
    </UnitTest>
    <UnitTest name="Pim.UnitTests.Mobile.MobileWebContractTests.LocationHistoryResponse_SerializesPointsWrapperExpectedByWeb" storage="/workspace/pim-wt/pim-full-fix/tests/pim.unittests/bin/debug/net8.0/pim.unittests.dll" id="cee9e80f-775d-1dec-e127-39d58a53e7cf">
      <Execution id="859be3d2-f870-4cbb-a86e-7b4587501852" />
      <TestMethod codeBase="/workspace/pim-wt/pim-full-fix/tests/Pim.UnitTests/bin/Debug/net8.0/Pim.UnitTests.dll" adapterTypeName="executor://xunit/VsTestRunner2/netcoreapp" className="Pim.UnitTests.Mobile.MobileWebContractTests" name="LocationHistoryResponse_SerializesPointsWrapperExpectedByWeb" />
    </UnitTest>
    <UnitTest name="Pim.UnitTests.Mobile.MobileUsageIngestServiceTests.IngestAsync_LegacyItemsReceiveDeterministicNonEmptyKeys" storage="/workspace/pim-wt/pim-full-fix/tests/pim.unittests/bin/debug/net8.0/pim.unittests.dll" id="5c83c907-a32f-ff4c-619d-6831ce0fb3bf">
      <Execution id="bc9d147b-1302-4802-854a-806d11eca09e" />
      <TestMethod codeBase="/workspace/pim-wt/pim-full-fix/tests/Pim.UnitTests/bin/Debug/net8.0/Pim.UnitTests.dll" adapterTypeName="executor://xunit/VsTestRunner2/netcoreapp" className="Pim.UnitTests.Mobile.MobileUsageIngestServiceTests" name="IngestAsync_LegacyItemsReceiveDeterministicNonEmptyKeys" />
    </UnitTest>
    <UnitTest name="Pim.UnitTests.Mobile.MobileLocationServiceTests.SubmitAsync_RejectsAccuracyGreaterThanFiftyMeters" storage="/workspace/pim-wt/pim-full-fix/tests/pim.unittests/bin/debug/net8.0/pim.unittests.dll" id="5fff56b0-ecfd-94f9-d464-2e90183d46d2">
      <Execution id="b8479808-28b5-472c-bb55-8970e92973de" />
[...]
    <TestEntry testId="492f944c-37c4-4e23-dec8-9475de7a67ec" executionId="54f10400-0ed5-4cef-a468-d89b9712d911" testListId="8c84fa94-04c1-424b-9868-57a2d4851a1d" />
    <TestEntry testId="51ab08d1-7c1e-735f-2cb1-e009fd314a54" executionId="85989904-a2ef-4d32-b000-48add6dccf56" testListId="8c84fa94-04c1-424b-9868-57a2d4851a1d" />
    <TestEntry testId="9961126e-177a-c4b9-2b2e-2a07a575c964" executionId="5d7d90a8-acc0-434c-ad71-9fb1cf1c2aee" testListId="8c84fa94-04c1-424b-9868-57a2d4851a1d" />
    <TestEntry testId="562da0dd-e252-41aa-f35d-d6ceb46bb6d0" executionId="b8b5273c-ccc9-44b3-85a0-2037bf8dd0c2" testListId="8c84fa94-04c1-424b-9868-57a2d4851a1d" />
    <TestEntry testId="a0a9e03b-0aee-dcfa-7a67-8f305656442c" executionId="34fe93de-1749-4c67-aa9a-e26fe552643d" testListId="8c84fa94-04c1-424b-9868-57a2d4851a1d" />
    <TestEntry testId="a8423a2a-77ec-ede5-d624-f555fb640a00" executionId="78cc60f4-dfe4-461e-a6e9-606869bf1b33" testListId="8c84fa94-04c1-424b-9868-57a2d4851a1d" />
    <TestEntry testId="261803aa-3f80-be8b-485c-0009aaed2e3e" executionId="dc7315cb-faae-40c7-88e4-55f4ef5a0081" testListId="8c84fa94-04c1-424b-9868-57a2d4851a1d" />
    <TestEntry testId="78deff25-da29-bc2b-e576-cd4831c1106f" executionId="e7b7b2fe-5f1c-42cf-90c3-14d301174627" testListId="8c84fa94-04c1-424b-9868-57a2d4851a1d" />
    <TestEntry testId="986a6ea2-396e-f25c-a9a3-1149b44dbe71" executionId="1f7f0a99-9ac0-475b-9f05-2358fd31b962" testListId="8c84fa94-04c1-424b-9868-57a2d4851a1d" />
    <TestEntry testId="6d7eae02-c988-aa04-1d45-b6196974c43c" executionId="acdcfd1b-1969-4071-b1da-2f4beaabd8a1" testListId="8c84fa94-04c1-424b-9868-57a2d4851a1d" />
    <TestEntry testId="dc96db94-f740-c55d-b1d7-842ada59ef93" executionId="4912d6b2-0084-4ea4-b987-ea2dde5c683b" testListId="8c84fa94-04c1-424b-9868-57a2d4851a1d" />
    <TestEntry testId="8e51d2ac-92bc-cede-b3f2-fbc47e48e063" executionId="aa3d770c-db25-432e-ba1f-cac4bb273750" testListId="8c84fa94-04c1-424b-9868-57a2d4851a1d" />
    <TestEntry testId="a3a5f45a-c4a1-341f-b0c3-02bac5282dda" executionId="32ec1364-a1a7-4798-a01f-eaa182463c23" testListId="8c84fa94-04c1-424b-9868-57a2d4851a1d" />
    <TestEntry testId="388ab8e5-4c7e-e8ea-d3ac-df2b1f469d90" executionId="d54eb2c1-e339-4505-8714-f858fc808aea" testListId="8c84fa94-04c1-424b-9868-57a2d4851a1d" />
    <TestEntry testId="5cc3d31e-ba5d-e954-8d2e-418f8ae11725" executionId="403522d0-363e-48ee-9f01-5bd025b345a7" testListId="8c84fa94-04c1-424b-9868-57a2d4851a1d" />
    <TestEntry testId="fdfa095f-a72f-3960-dc50-26a3696a55a7" executionId="3eea2126-0295-4209-baef-9b22343e96c7" testListId="8c84fa94-04c1-424b-9868-57a2d4851a1d" />
    <TestEntry testId="8f7d210f-e84e-30c1-a849-be284a32bc6c" executionId="d1b9e14f-fa60-473a-b9d3-b9f9895b91f9" testListId="8c84fa94-04c1-424b-9868-57a2d4851a1d" />
    <TestEntry testId="146b87fe-9b07-9de0-623e-42bbd06efcd7" executionId="3d6f015f-e701-4856-86e7-b81e1a4bfc64" testListId="8c84fa94-04c1-424b-9868-57a2d4851a1d" />
    <TestEntry testId="d8287f85-dcfc-4b14-87cc-d297b14609a0" executionId="787fff0b-2a64-433f-9eda-316da58f8b3c" testListId="8c84fa94-04c1-424b-9868-57a2d4851a1d" />
    <TestEntry testId="44118a09-fb2a-79e7-2533-1ab3a69680d8" executionId="ba3da532-b7c4-4c15-a03a-d37e27c86800" testListId="8c84fa94-04c1-424b-9868-57a2d4851a1d" />
    <TestEntry testId="b2341686-5f97-bc0b-58f3-43e7ac325cbd" executionId="08c12bd0-97e1-410b-a3b9-686eccd56ef7" testListId="8c84fa94-04c1-424b-9868-57a2d4851a1d" />
    <TestEntry testId="9fcf2bcb-4d06-2f89-dee2-cdee60c36bf9" executionId="e6d51fb4-4557-4119-9790-c43daac71da0" testListId="8c84fa94-04c1-424b-9868-57a2d4851a1d" />
    <TestEntry testId="c81ef5ab-0969-4d07-acb1-548c195b89d4" executionId="6c9de4a8-92c4-4a3a-af97-0b3ee40e786f" testListId="8c84fa94-04c1-424b-9868-57a2d4851a1d" />
    <TestEntry testId="b20694f4-6789-675d-3dac-793a73a7d19a" executionId="fdfb656f-35d4-4c0d-92de-24fc4765dd87" testListId="8c84fa94-04c1-424b-9868-57a2d4851a1d" />
    <TestEntry testId="a36ffe7c-35bc-c8df-3f36-883ede959a0d" executionId="3ca765c8-6ebd-49b3-9551-d27ba40f601f" testListId="8c84fa94-04c1-424b-9868-57a2d4851a1d" />
    <TestEntry testId="4897b9d3-e203-1134-795f-9155fe53180a" executionId="a0a8bd14-9b4d-4220-afd0-8af1b021308c" testListId="8c84fa94-04c1-424b-9868-57a2d4851a1d" />
    <TestEntry testId="6633d344-38c8-fab8-036c-576b437a3e2c" executionId="0ec7df95-8899-4aad-9c0d-8c570125a4e5" testListId="8c84fa94-04c1-424b-9868-57a2d4851a1d" />
    <TestEntry testId="328c113c-bb83-2e65-43e5-99f023d6c61e" executionId="a6cb4918-59de-4887-80cd-3220042061f1" testListId="8c84fa94-04c1-424b-9868-57a2d4851a1d" />
    <TestEntry testId="734920dc-a1e3-caf8-0b5d-11cd173427d0" executionId="158c08bc-e359-487c-99e5-d9bb0e392a3a" testListId="8c84fa94-04c1-424b-9868-57a2d4851a1d" />
    <TestEntry testId="abc9a62b-b856-40a5-6759-c160d0580b69" executionId="ab168f8f-9f2d-4265-8e12-2c9b6a8454de" testListId="8c84fa94-04c1-424b-9868-57a2d4851a1d" />
    <TestEntry testId="2bbb264f-f67a-cd83-c3d3-178530bf4770" executionId="2d8262fc-9cf4-4828-b413-9cb708baa791" testListId="8c84fa94-04c1-424b-9868-57a2d4851a1d" />
    <TestEntry testId="c10b6cd4-444d-fc76-c83c-50fab8b53116" executionId="f8137b57-bd18-4fa1-a9c8-a5094030664c" testListId="8c84fa94-04c1-424b-9868-57a2d4851a1d" />
    <TestEntry testId="7a422f56-884e-7db2-05a4-7079d42c771f" executionId="c666e77a-a067-4ae5-962b-603ebf62d5bd" testListId="8c84fa94-04c1-424b-9868-57a2d4851a1d" />
    <TestEntry testId="f994d9f9-89cf-8625-e2b1-196e1427f4cc" executionId="3a22806b-3a1e-44c1-94cd-1d7600f7faf1" testListId="8c84fa94-04c1-424b-9868-57a2d4851a1d" />
    <TestEntry testId="424ceb0c-937d-c34e-8979-25f009b77541" executionId="a63f1ae5-70bd-42f6-9bfc-8900e9bc4981" testListId="8c84fa94-04c1-424b-9868-57a2d4851a1d" />
    <TestEntry testId="ae113033-3452-4c22-8882-1fc5f8af756f" executionId="4de8314c-6941-493c-aa44-62d4adf51ac1" testListId="8c84fa94-04c1-424b-9868-57a2d4851a1d" />
    <TestEntry testId="2021bd84-a542-519a-50e0-c9d443de1c59" executionId="c7e3195d-0d31-433e-bd52-b0ceb992c607" testListId="8c84fa94-04c1-424b-9868-57a2d4851a1d" />
    <TestEntry testId="9d5c1cbf-8f1e-e065-3ff6-9c879535e81a" executionId="843396d0-f62d-4623-9eea-2c75c4aa9a51" testListId="8c84fa94-04c1-424b-9868-57a2d4851a1d" />
    <TestEntry testId="52f479a1-17b1-2ef8-4802-31649872c439" executionId="db0d91df-746a-41b6-b0d6-cac22bb35e19" testListId="8c84fa94-04c1-424b-9868-57a2d4851a1d" />
    <TestEntry testId="ecef348f-2959-cafe-40e8-32beebfeb241" executionId="67e2343f-0299-46e6-8350-d20e05b14151" testListId="8c84fa94-04c1-424b-9868-57a2d4851a1d" />
    <TestEntry testId="a261f8ae-f631-821b-73c2-5834221f926f" executionId="8e0a690f-e1d2-4ee5-9068-8a9aa3a21200" testListId="8c84fa94-04c1-424b-9868-57a2d4851a1d" />
    <TestEntry testId="960fbe7b-358a-35b7-5aa2-d9c173baa986" executionId="62dc7673-1b4a-49c0-a594-ae5b11f49ccf" testListId="8c84fa94-04c1-424b-9868-57a2d4851a1d" />
    <TestEntry testId="5d0be886-5542-c549-07b1-105e7470d28f" executionId="87ad6db9-2867-4fef-a77a-c3aee6d75f69" testListId="8c84fa94-04c1-424b-9868-57a2d4851a1d" />
    <TestEntry testId="f7226020-889d-79a4-93d5-68e8e9b172ab" executionId="cc2adf06-790b-4001-a504-d754f59bd12e" testListId="8c84fa94-04c1-424b-9868-57a2d4851a1d" />
    <TestEntry testId="43aee933-9d5b-b3c8-98b2-7b6dd668d575" executionId="eaa68126-985e-4e33-ad97-b67a803ba3b6" testListId="8c84fa94-04c1-424b-9868-57a2d4851a1d" />
    <TestEntry testId="fdbb6a15-35e3-6a02-f5c4-a01bab12f523" executionId="a92828bb-245d-4613-b031-15fc881dcc85" testListId="8c84fa94-04c1-424b-9868-57a2d4851a1d" />
    <TestEntry testId="f8a61572-02dc-9a4c-e1a1-6e785b6fa707" executionId="72fde3a5-fc93-46bf-a16b-5c5dc1670360" testListId="8c84fa94-04c1-424b-9868-57a2d4851a1d" />
    <TestEntry testId="a61a66e8-86da-cba5-cf21-16af1e000fa1" executionId="df2ad279-3372-4960-9f2b-5dbcc8b848ce" testListId="8c84fa94-04c1-424b-9868-57a2d4851a1d" />
    <TestEntry testId="b9395f5a-5441-7516-42cd-b1a66d897b8d" executionId="34c1df0b-e90f-4e3b-a305-f6de390af9cc" testListId="8c84fa94-04c1-424b-9868-57a2d4851a1d" />
    <TestEntry testId="b94fc773-ae03-9c91-4e95-b14b0f159e25" executionId="956143ce-7f07-426d-b16d-91bec1f86620" testListId="8c84fa94-04c1-424b-9868-57a2d4851a1d" />
    <TestEntry testId="a790ab3a-b4ed-3348-99f5-73839d1e6bd6" executionId="ebc52103-ddce-4025-8db8-b83b282d18cf" testListId="8c84fa94-04c1-424b-9868-57a2d4851a1d" />
    <TestEntry testId="5906beee-2415-301d-c31d-67f014028c25" executionId="247c105f-0880-419e-969c-32ef5916b047" testListId="8c84fa94-04c1-424b-9868-57a2d4851a1d" />
    <TestEntry testId="c0e31fdc-b709-5271-b3cd-38ad1cef1451" executionId="3e76555d-1c74-42a4-80a3-7edbca6a82d3" testListId="8c84fa94-04c1-424b-9868-57a2d4851a1d" />
    <TestEntry testId="cc9a5457-18ef-b08c-2872-6d01b8bd340e" executionId="d09b4bd1-a13b-4188-ad1e-10ecf3a4b088" testListId="8c84fa94-04c1-424b-9868-57a2d4851a1d" />
    <TestEntry testId="48bb1fbc-c864-e5eb-f9b7-9b14a506a434" executionId="2a805b4f-a27b-4372-99da-2211cfcd2f04" testListId="8c84fa94-04c1-424b-9868-57a2d4851a1d" />
    <TestEntry testId="7389ff40-583a-f862-2ca1-29c33cbd0c85" executionId="a17a8f5e-b2fb-44dd-9920-4bef10d44418" testListId="8c84fa94-04c1-424b-9868-57a2d4851a1d" />
    <TestEntry testId="8d676448-6532-a101-d77d-301461b2b2d4" executionId="3eb18ebe-19fa-4245-b3ba-36a56f2c5252" testListId="8c84fa94-04c1-424b-9868-57a2d4851a1d" />
    <TestEntry testId="5ef39189-6e52-2e85-0c34-a35c7a771ca2" executionId="a74b34b8-301a-445b-9100-75a6cb73c3f1" testListId="8c84fa94-04c1-424b-9868-57a2d4851a1d" />
    <TestEntry testId="f3fd4731-2cb3-ec80-251e-76944f510b1f" executionId="eea64bfb-9ba1-4c8d-852a-cbeba6f72c9d" testListId="8c84fa94-04c1-424b-9868-57a2d4851a1d" />
    <TestEntry testId="5fff56b0-ecfd-94f9-d464-2e90183d46d2" executionId="b8479808-28b5-472c-bb55-8970e92973de" testListId="8c84fa94-04c1-424b-9868-57a2d4851a1d" />
    <TestEntry testId="986e4c8c-5358-ad04-7cb9-93c98929bb2b" executionId="c8d06270-f16e-45f3-a1e7-a4f2bd8cdfed" testListId="8c84fa94-04c1-424b-9868-57a2d4851a1d" />
    <TestEntry testId="ed0eee58-1038-79ca-7afd-2eed57ae0d33" executionId="28622988-b061-4a3a-a20a-dc1937e04164" testListId="8c84fa94-04c1-424b-9868-57a2d4851a1d" />
    <TestEntry testId="6d0f990e-c34c-3d42-b97d-db9b28cd146d" executionId="269846fa-d3cd-4490-a100-f3b4e5da8a39" testListId="8c84fa94-04c1-424b-9868-57a2d4851a1d" />
    <TestEntry testId="d3683a63-46aa-37ce-2c0a-7b9f8b0b6270" executionId="de839e89-f1e0-4b2b-9958-d7ab80e8ad2a" testListId="8c84fa94-04c1-424b-9868-57a2d4851a1d" />
    <TestEntry testId="14535426-7e02-8b79-165e-ba46b42383a5" executionId="c4965aef-d512-4c33-ac57-28a9cac0c984" testListId="8c84fa94-04c1-424b-9868-57a2d4851a1d" />
    <TestEntry testId="882488f6-f6ae-ef55-009c-cec16700b199" executionId="e2d9138a-9562-4c84-83c6-ee7632d8139f" testListId="8c84fa94-04c1-424b-9868-57a2d4851a1d" />
    <TestEntry testId="2b75c9f3-0db6-2006-307e-d86bf9a3b610" executionId="4d438863-1ea8-4067-9d68-1779e621a964" testListId="8c84fa94-04c1-424b-9868-57a2d4851a1d" />
    <TestEntry testId="02be171e-53a6-77b6-586c-0a57f1e90a88" executionId="12250855-010e-4834-881e-b301b5e2dbce" testListId="8c84fa94-04c1-424b-9868-57a2d4851a1d" />
    <TestEntry testId="a3253d17-c1ee-7d91-59ed-1b0512f3052b" executionId="ef41dcdb-8bda-4e9d-8b62-8efeaa7ecd64" testListId="8c84fa94-04c1-424b-9868-57a2d4851a1d" />
    <TestEntry testId="8895b3e3-1002-98aa-ecee-f340bad78950" executionId="3b10a7a0-3c50-414b-b1b7-87dc79c2e0ff" testListId="8c84fa94-04c1-424b-9868-57a2d4851a1d" />
    <TestEntry testId="dd3efee5-5a3e-4dbc-5fd7-ef44312494a0" executionId="b85b3e13-d202-4500-9cc9-f30a3c8edba4" testListId="8c84fa94-04c1-424b-9868-57a2d4851a1d" />
    <TestEntry testId="c8555652-6ea2-871e-5dae-5f5301d52d58" executionId="0b9d7220-8b9e-4205-92f7-568f14f8be16" testListId="8c84fa94-04c1-424b-9868-57a2d4851a1d" />
    <TestEntry testId="abdc4da6-f05a-5785-483d-71dfd5416879" executionId="24da17c7-0b6d-4cea-a6bd-93527359794b" testListId="8c84fa94-04c1-424b-9868-57a2d4851a1d" />
    <TestEntry testId="cda27428-a1df-b0f3-5fa2-dc8d9ea26191" executionId="75535882-4f57-460a-bd87-26024e31067a" testListId="8c84fa94-04c1-424b-9868-57a2d4851a1d" />
    <TestEntry testId="7750ab06-165f-29a9-34c3-6ea5bc972997" executionId="0e7f6ef6-67cb-4f80-9d47-a9986aabdf85" testListId="8c84fa94-04c1-424b-9868-57a2d4851a1d" />
    <TestEntry testId="5c83c907-a32f-ff4c-619d-6831ce0fb3bf" executionId="bc9d147b-1302-4802-854a-806d11eca09e" testListId="8c84fa94-04c1-424b-9868-57a2d4851a1d" />
    <TestEntry testId="47390b2d-5d0e-bd10-b15a-388dab19fabd" executionId="79ea3c32-8ade-41fa-80e0-26b69888c903" testListId="8c84fa94-04c1-424b-9868-57a2d4851a1d" />
    <TestEntry testId="39a1e4ee-3f8a-8402-43e9-d4fe8f7b6fc9" executionId="1c359a02-245e-4f54-888b-572a65a7f5a3" testListId="8c84fa94-04c1-424b-9868-57a2d4851a1d" />
    <TestEntry testId="746edc8d-956a-a936-9f1d-0eefba3adaf7" executionId="74322586-a903-40ed-9f9c-fef5675188cc" testListId="8c84fa94-04c1-424b-9868-57a2d4851a1d" />
    <TestEntry testId="461930e0-d373-53a9-0d49-ac68434c2d35" executionId="bf630dd6-8949-4630-ac89-a0a13f5533f3" testListId="8c84fa94-04c1-424b-9868-57a2d4851a1d" />
    <TestEntry testId="62ae3244-8a47-a368-5aac-9df74594b9a4" executionId="e57ffdda-781c-4624-891e-8125f31b0d00" testListId="8c84fa94-04c1-424b-9868-57a2d4851a1d" />
    <TestEntry testId="3bf89f94-a87c-23e7-3644-e233edbc7a85" executionId="f819dc81-d7ae-4f04-9387-93022d4af6b1" testListId="8c84fa94-04c1-424b-9868-57a2d4851a1d" />
    <TestEntry testId="eb9ea7a4-816d-01e9-a593-2e53db1e5391" executionId="50bd3636-0088-4c7f-813d-0652f382f285" testListId="8c84fa94-04c1-424b-9868-57a2d4851a1d" />
    <TestEntry testId="5f1f269c-bae0-377c-d009-9818c5991bca" executionId="e051052e-230d-448a-8fba-f8c7d5a6c06a" testListId="8c84fa94-04c1-424b-9868-57a2d4851a1d" />
    <TestEntry testId="eef896ef-9d74-9cc1-b5a8-ffadb70c2dc3" executionId="c2a67aec-7313-42ac-b07c-e9be001b2783" testListId="8c84fa94-04c1-424b-9868-57a2d4851a1d" />
    <TestEntry testId="3430b2cc-ab05-61b7-68eb-ffba1d6e3111" executionId="d1994e99-e9f6-4b19-84c4-a5734c4b57ba" testListId="8c84fa94-04c1-424b-9868-57a2d4851a1d" />
    <TestEntry testId="d5a87282-a150-2611-fd6b-107dd582128a" executionId="0c9f1ac4-69d4-48b4-b3b3-67e2bdd91991" testListId="8c84fa94-04c1-424b-9868-57a2d4851a1d" />
    <TestEntry testId="cee9e80f-775d-1dec-e127-39d58a53e7cf" executionId="859be3d2-f870-4cbb-a86e-7b4587501852" testListId="8c84fa94-04c1-424b-9868-57a2d4851a1d" />
    <TestEntry testId="6db254fa-ee09-6254-ddf0-7437b93493a8" executionId="a7f4e6fc-e8cb-49c8-bfeb-7e307e4eec09" testListId="8c84fa94-04c1-424b-9868-57a2d4851a1d" />
    <TestEntry testId="4817f67f-3bd8-0aa5-14e5-23859c7a19a2" executionId="427e38ad-1e6a-4b4b-bfa7-3def56dd15a6" testListId="8c84fa94-04c1-424b-9868-57a2d4851a1d" />
    <TestEntry testId="d378bf12-e959-0083-1d33-6211d8abdfbb" executionId="81171225-c775-4208-88b7-5907d0009135" testListId="8c84fa94-04c1-424b-9868-57a2d4851a1d" />
    <TestEntry testId="5c200f9a-cfc2-db82-6ee0-624b319187cc" executionId="70a96b68-f82f-4448-b80c-dfce822595aa" testListId="8c84fa94-04c1-424b-9868-57a2d4851a1d" />
    <TestEntry testId="7bbbef0f-29fd-67a2-ff13-3fe29d60d469" executionId="ab9d523b-f12a-44f3-be55-51f8f4eedc63" testListId="8c84fa94-04c1-424b-9868-57a2d4851a1d" />
    <TestEntry testId="0092e8fb-7134-629f-f90e-38f017befbdd" executionId="cf05d783-8b47-48bf-960f-7d8c2b1b6621" testListId="8c84fa94-04c1-424b-9868-57a2d4851a1d" />
    <TestEntry testId="60a6cbb9-f782-ddf4-3716-b4182d26d8a7" executionId="7682942c-fc54-43ad-83fb-c009700bb6d4" testListId="8c84fa94-04c1-424b-9868-57a2d4851a1d" />
    <TestEntry testId="c1ee9d25-8c8d-2827-d2c1-42f898c75bc5" executionId="6ac1b5a2-3009-4270-93f6-3520c35504ce" testListId="8c84fa94-04c1-424b-9868-57a2d4851a1d" />
    <TestEntry testId="cd94f370-ed14-4cb2-05ea-1cc4dfb2f298" executionId="429642dd-3f41-4846-af94-c092ac98d664" testListId="8c84fa94-04c1-424b-9868-57a2d4851a1d" />
    <TestEntry testId="9d45629f-612e-2108-1116-4c8fdae2440a" executionId="c264d902-554d-4d16-9923-4e5d10c23a1b" testListId="8c84fa94-04c1-424b-9868-57a2d4851a1d" />
    <TestEntry testId="fe6fb3d9-800a-f4ad-2150-8317d8dc47e3" executionId="3f21d972-0294-443d-ab95-11a168c46e1f" testListId="8c84fa94-04c1-424b-9868-57a2d4851a1d" />
    <TestEntry testId="d0ff82aa-1900-9fab-5f4b-9646e5c7be4d" executionId="8b41d30b-99e3-49a8-836a-eebb073a63af" testListId="8c84fa94-04c1-424b-9868-57a2d4851a1d" />
    <TestEntry testId="5478ed41-deb8-4832-1167-0fed1b2bb6b9" executionId="12122cab-00da-424c-8e30-2cf77ae003e2" testListId="8c84fa94-04c1-424b-9868-57a2d4851a1d" />
    <TestEntry testId="2fd9d035-1d2a-6363-75b3-8e15d40d5dea" executionId="781b5647-7245-4827-8265-fda8274fb81f" testListId="8c84fa94-04c1-424b-9868-57a2d4851a1d" />
    <TestEntry testId="fa765588-4076-b51d-f534-62a5a3224b75" executionId="d48524d3-d733-4227-b2ca-eee86a8b8283" testListId="8c84fa94-04c1-424b-9868-57a2d4851a1d" />
    <TestEntry testId="e2bb6eec-7eb9-96ed-ee38-3bb3d69b30e3" executionId="897d4249-5ad5-4dbc-8ed7-49f198f4b014" testListId="8c84fa94-04c1-424b-9868-57a2d4851a1d" />
    <TestEntry testId="9c46f324-7f0c-7206-ca11-ceb589698327" executionId="ae6309ca-eddc-4bbe-8d80-2c652e060b55" testListId="8c84fa94-04c1-424b-9868-57a2d4851a1d" />
    <TestEntry testId="3b00f84d-6018-52a9-2da7-3a96ffb03f51" executionId="18308a36-5f42-4c05-91d8-22911e800399" testListId="8c84fa94-04c1-424b-9868-57a2d4851a1d" />
    <TestEntry testId="23724b1d-89f9-57e7-d87a-cef90eb590c1" executionId="49ac3d43-5949-4df4-8062-e4e92f5583b0" testListId="8c84fa94-04c1-424b-9868-57a2d4851a1d" />
    <TestEntry testId="42007fd8-7b9d-229f-d697-4e0d95a7f00e" executionId="3b4373c2-3dea-4716-80e5-c72fb436dca7" testListId="8c84fa94-04c1-424b-9868-57a2d4851a1d" />
    <TestEntry testId="eab485d5-a710-d093-1937-6544daba90cc" executionId="83449c59-9a76-41fd-b321-d4c44e7bdf1d" testListId="8c84fa94-04c1-424b-9868-57a2d4851a1d" />
    <TestEntry testId="b7974c5e-e5fb-47d7-f10e-d1beb84c91d6" executionId="bef4cc29-1021-4adf-b80c-3ff0f7ac0ab2" testListId="8c84fa94-04c1-424b-9868-57a2d4851a1d" />
    <TestEntry testId="7cc8463c-d011-a30b-61ff-651307465b9a" executionId="2895647a-5d83-4570-9a4b-5bb6269b693a" testListId="8c84fa94-04c1-424b-9868-57a2d4851a1d" />
    <TestEntry testId="f0003a25-2b3c-5d91-0a21-4807b3e0db50" executionId="0bf478e2-4297-4a75-8b38-ce3f88c45564" testListId="8c84fa94-04c1-424b-9868-57a2d4851a1d" />
    <TestEntry testId="f56f0b03-1479-e9fa-2813-551afbaa8f65" executionId="fe6a843f-6e44-4c3b-9205-3ae67974132d" testListId="8c84fa94-04c1-424b-9868-57a2d4851a1d" />
    <TestEntry testId="11515f2d-d472-c847-67e8-0835fcb62805" executionId="716529eb-0222-4a2e-a42b-fede8118eafe" testListId="8c84fa94-04c1-424b-9868-57a2d4851a1d" />
    <TestEntry testId="43a21449-e17f-e03b-0d81-201b2f1fe80d" executionId="c4dfaef9-0d8d-47d9-9612-908c71f59269" testListId="8c84fa94-04c1-424b-9868-57a2d4851a1d" />
  </TestEntries>
  <TestLists>
    <TestList name="Results Not in a List" id="8c84fa94-04c1-424b-9868-57a2d4851a1d" />
    <TestList name="All Loaded Results" id="19431567-8539-422a-85d7-44ee4e166bda" />
  </TestLists>
  <ResultSummary outcome="Completed">
    <Counters total="118" executed="118" passed="118" failed="0" error="0" timeout="0" aborted="0" inconclusive="0" passedButRunAborted="0" notRunnable="0" notExecuted="0" disconnected="0" warning="0" completed="0" inProgress="0" pending="0" />
    <Output>
      <StdOut>[xUnit.net 00:00:00.00] xUnit.net VSTest Adapter v2.5.7+8f2703126a (64-bit .NET 8.0.30)
[xUnit.net 00:00:00.20]   Discovering: Pim.UnitTests
[xUnit.net 00:00:00.56]   Discovered:  Pim.UnitTests
[xUnit.net 00:00:00.57]   Starting:    Pim.UnitTests
[xUnit.net 00:00:03.28]   Finished:    Pim.UnitTests
</StdOut>
    </Output>
  </ResultSummary>
</TestRun>