<?xml version="1.0" encoding="utf-8"?>
<TestRun id="09ca72d0-34f8-47f7-a21a-d537cf29c71d" name="@ubuntu-server-100 2026-08-25 08:37:18" xmlns="http://microsoft.com/schemas/VisualStudio/TeamTest/2010">
  <Times creation="2026-08-25T08:37:18.7274544+00:00" queuing="2026-08-25T08:37:18.7274545+00:00" start="2026-08-25T08:37:17.4518541+00:00" finish="2026-08-25T08:37:18.7281863+00:00" />
  <TestSettings name="default" id="71b59e1d-4390-4a81-a1d5-94293181a540">
    <Deployment runDeploymentRoot="_ubuntu-server-100_2026-08-25_08_37_18" />
  </TestSettings>
  <TestLists>
    <TestList name="Results Not in a List" id="8c84fa94-04c1-424b-9868-57a2d4851a1d" />
    <TestList name="All Loaded Results" id="19431567-8539-422a-85d7-44ee4e166bda" />
  </TestLists>
  <ResultSummary outcome="Completed">
    <Counters total="0" executed="0" passed="0" failed="0" error="0" timeout="0" aborted="0" inconclusive="0" passedButRunAborted="0" notRunnable="0" notExecuted="0" disconnected="0" warning="0" completed="0" inProgress="0" pending="0" />
    <Output>
      <StdOut>[xUnit.net 00:00:00.00] xUnit.net VSTest Adapter v2.5.7+8f2703126a (64-bit .NET 8.0.30)
[xUnit.net 00:00:00.22]   Discovering: Pim.UnitTests
[xUnit.net 00:00:00.56]   Discovered:  Pim.UnitTests
[xUnit.net 00:00:00.56]   Starting:    Pim.UnitTests
[xUnit.net 00:00:00.59]   Finished:    Pim.UnitTests
</StdOut>
    </Output>
    <RunInfos>
      <RunInfo computerName="ubuntu-server-100" outcome="Warning" timestamp="2026-08-25T08:37:18.5794514+00:00">
        <Text>[xUnit.net 00:00:00.56] Pim.UnitTests: Exception filtering tests: Incorrect format for TestCaseFilter Error: Invalid Condition 'FullyQualifiedName~Calendar or FullyQualifiedName~PcTracker or FullyQualifiedName~Files'. Specify the correct format and try again. Note that the incorrect format can lead to no test getting executed.</Text>
      </RunInfo>
      <RunInfo computerName="ubuntu-server-100" outcome="Warning" timestamp="2026-08-25T08:37:18.6137768+00:00">
        <Text>No test matches the given testcase filter `FullyQualifiedName~Calendar or FullyQualifiedName~PcTracker or FullyQualifiedName~Files` in /workspace/pim-wt/pim-full-fix/tests/Pim.UnitTests/bin/Debug/net8.0/Pim.UnitTests.dll</Text>
      </RunInfo>
    </RunInfos>
  </ResultSummary>
</TestRun>